
*** Running vivado
    with args -log and2.vds -m64 -product Vivado -mode batch -messageDb vivado.pb -notrace -source and2.tcl


****** Vivado v2019.1 (64-bit)
  **** SW Build 2552052 on Fri May 24 14:47:09 MDT 2019
  **** IP Build 2548770 on Fri May 24 18:01:18 MDT 2019
    ** Copyright 1986-2019 Xilinx, Inc. All Rights Reserved.

source and2.tcl -notrace
Command: synth_design -top and2 -part xc7a35tcpg236-1
Starting synth_design
Attempting to get a license for feature 'Synthesis' and/or device 'xc7a35t'
INFO: [Common 17-349] Got license for feature 'Synthesis' and/or device 'xc7a35t'
INFO: [Device 21-403] Loading part xc7a35tcpg236-1
INFO: Launching helper process for spawning children vivado processes
INFO: Helper process launched with PID 25820 
---------------------------------------------------------------------------------
Starting RTL Elaboration : Time (s): cpu = 00:00:02 ; elapsed = 00:00:03 . Memory (MB): peak = 1652.613 ; gain = 151.719 ; free physical = 3248 ; free virtual = 37186
---------------------------------------------------------------------------------
INFO: [Synth 8-638] synthesizing module 'and2' [/volsme/user1x/users/mi01a014/Bureau/TP1/TP1.srcs/sources_1/new/exercice.vhd:39]
INFO: [Synth 8-256] done synthesizing module 'and2' (1#1) [/volsme/user1x/users/mi01a014/Bureau/TP1/TP1.srcs/sources_1/new/exercice.vhd:39]
---------------------------------------------------------------------------------
Finished RTL Elaboration : Time (s): cpu = 00:00:03 ; elapsed = 00:00:04 . Memory (MB): peak = 1705.363 ; gain = 204.469 ; free physical = 3274 ; free virtual = 37212
---------------------------------------------------------------------------------

Report Check Netlist: 
+------+------------------+-------+---------+-------+------------------+
|      |Item              |Errors |Warnings |Status |Description       |
+------+------------------+-------+---------+-------+------------------+
|1     |multi_driven_nets |      0|        0|Passed |Multi driven nets |
+------+------------------+-------+---------+-------+------------------+
---------------------------------------------------------------------------------
Start Handling Custom Attributes
---------------------------------------------------------------------------------
---------------------------------------------------------------------------------
Finished Handling Custom Attributes : Time (s): cpu = 00:00:03 ; elapsed = 00:00:04 . Memory (MB): peak = 1711.301 ; gain = 210.406 ; free physical = 3271 ; free virtual = 37210
---------------------------------------------------------------------------------
---------------------------------------------------------------------------------
Finished RTL Optimization Phase 1 : Time (s): cpu = 00:00:03 ; elapsed = 00:00:04 . Memory (MB): peak = 1711.301 ; gain = 210.406 ; free physical = 3271 ; free virtual = 37210
---------------------------------------------------------------------------------
INFO: [Project 1-570] Preparing netlist for logic optimization

Processing XDC Constraints
Initializing timing engine
Parsing XDC File [/volsme/user1x/users/mi01a014/Bureau/TP1/TP1.srcs/constrs_1/imports/TP1/mi01.xdc]
INFO: [Constraints 18-483] create_clock: no pin(s)/port(s)/net(s) specified as objects, only virtual clock 'virtclk' will be created. If you don't want this, please specify pin(s)/ports(s)/net(s) as objects to the command. [/volsme/user1x/users/mi01a014/Bureau/TP1/TP1.srcs/constrs_1/imports/TP1/mi01.xdc:8]
WARNING: [Vivado 12-584] No ports matched 'CLK'. [/volsme/user1x/users/mi01a014/Bureau/TP1/TP1.srcs/constrs_1/imports/TP1/mi01.xdc:11]
CRITICAL WARNING: [Common 17-55] 'set_property' expects at least one object. [/volsme/user1x/users/mi01a014/Bureau/TP1/TP1.srcs/constrs_1/imports/TP1/mi01.xdc:11]
Resolution: If [get_<value>] was used to populate the object, check to make sure this command returns at least one valid object.
WARNING: [Vivado 12-584] No ports matched 'CLK'. [/volsme/user1x/users/mi01a014/Bureau/TP1/TP1.srcs/constrs_1/imports/TP1/mi01.xdc:12]
CRITICAL WARNING: [Common 17-55] 'set_property' expects at least one object. [/volsme/user1x/users/mi01a014/Bureau/TP1/TP1.srcs/constrs_1/imports/TP1/mi01.xdc:12]
Resolution: If [get_<value>] was used to populate the object, check to make sure this command returns at least one valid object.
WARNING: [Vivado 12-584] No ports matched 'CLK'. [/volsme/user1x/users/mi01a014/Bureau/TP1/TP1.srcs/constrs_1/imports/TP1/mi01.xdc:13]
CRITICAL WARNING: [Common 17-161] Invalid option value '{0 5}' specified for 'waveform'. [/volsme/user1x/users/mi01a014/Bureau/TP1/TP1.srcs/constrs_1/imports/TP1/mi01.xdc:13]
WARNING: [Vivado 12-584] No ports matched 'LED_1_0[0]'. [/volsme/user1x/users/mi01a014/Bureau/TP1/TP1.srcs/constrs_1/imports/TP1/mi01.xdc:16]
CRITICAL WARNING: [Common 17-55] 'set_property' expects at least one object. [/volsme/user1x/users/mi01a014/Bureau/TP1/TP1.srcs/constrs_1/imports/TP1/mi01.xdc:16]
Resolution: If [get_<value>] was used to populate the object, check to make sure this command returns at least one valid object.
WARNING: [Vivado 12-584] No ports matched 'LED_1_0[0]'. [/volsme/user1x/users/mi01a014/Bureau/TP1/TP1.srcs/constrs_1/imports/TP1/mi01.xdc:17]
CRITICAL WARNING: [Common 17-55] 'set_property' expects at least one object. [/volsme/user1x/users/mi01a014/Bureau/TP1/TP1.srcs/constrs_1/imports/TP1/mi01.xdc:17]
Resolution: If [get_<value>] was used to populate the object, check to make sure this command returns at least one valid object.
WARNING: [Vivado 12-584] No ports matched 'LED_1_0[1]'. [/volsme/user1x/users/mi01a014/Bureau/TP1/TP1.srcs/constrs_1/imports/TP1/mi01.xdc:18]
CRITICAL WARNING: [Common 17-55] 'set_property' expects at least one object. [/volsme/user1x/users/mi01a014/Bureau/TP1/TP1.srcs/constrs_1/imports/TP1/mi01.xdc:18]
Resolution: If [get_<value>] was used to populate the object, check to make sure this command returns at least one valid object.
WARNING: [Vivado 12-584] No ports matched 'LED_1_0[1]'. [/volsme/user1x/users/mi01a014/Bureau/TP1/TP1.srcs/constrs_1/imports/TP1/mi01.xdc:19]
CRITICAL WARNING: [Common 17-55] 'set_property' expects at least one object. [/volsme/user1x/users/mi01a014/Bureau/TP1/TP1.srcs/constrs_1/imports/TP1/mi01.xdc:19]
Resolution: If [get_<value>] was used to populate the object, check to make sure this command returns at least one valid object.
WARNING: [Vivado 12-584] No ports matched 'LED_3_2[0]'. [/volsme/user1x/users/mi01a014/Bureau/TP1/TP1.srcs/constrs_1/imports/TP1/mi01.xdc:22]
CRITICAL WARNING: [Common 17-55] 'set_property' expects at least one object. [/volsme/user1x/users/mi01a014/Bureau/TP1/TP1.srcs/constrs_1/imports/TP1/mi01.xdc:22]
Resolution: If [get_<value>] was used to populate the object, check to make sure this command returns at least one valid object.
WARNING: [Vivado 12-584] No ports matched 'LED_3_2[0]'. [/volsme/user1x/users/mi01a014/Bureau/TP1/TP1.srcs/constrs_1/imports/TP1/mi01.xdc:23]
CRITICAL WARNING: [Common 17-55] 'set_property' expects at least one object. [/volsme/user1x/users/mi01a014/Bureau/TP1/TP1.srcs/constrs_1/imports/TP1/mi01.xdc:23]
Resolution: If [get_<value>] was used to populate the object, check to make sure this command returns at least one valid object.
WARNING: [Vivado 12-584] No ports matched 'LED_3_2[1]'. [/volsme/user1x/users/mi01a014/Bureau/TP1/TP1.srcs/constrs_1/imports/TP1/mi01.xdc:24]
CRITICAL WARNING: [Common 17-55] 'set_property' expects at least one object. [/volsme/user1x/users/mi01a014/Bureau/TP1/TP1.srcs/constrs_1/imports/TP1/mi01.xdc:24]
Resolution: If [get_<value>] was used to populate the object, check to make sure this command returns at least one valid object.
WARNING: [Vivado 12-584] No ports matched 'LED_3_2[1]'. [/volsme/user1x/users/mi01a014/Bureau/TP1/TP1.srcs/constrs_1/imports/TP1/mi01.xdc:25]
CRITICAL WARNING: [Common 17-55] 'set_property' expects at least one object. [/volsme/user1x/users/mi01a014/Bureau/TP1/TP1.srcs/constrs_1/imports/TP1/mi01.xdc:25]
Resolution: If [get_<value>] was used to populate the object, check to make sure this command returns at least one valid object.
WARNING: [Vivado 12-584] No ports matched 'LED_5_4[0]'. [/volsme/user1x/users/mi01a014/Bureau/TP1/TP1.srcs/constrs_1/imports/TP1/mi01.xdc:28]
CRITICAL WARNING: [Common 17-55] 'set_property' expects at least one object. [/volsme/user1x/users/mi01a014/Bureau/TP1/TP1.srcs/constrs_1/imports/TP1/mi01.xdc:28]
Resolution: If [get_<value>] was used to populate the object, check to make sure this command returns at least one valid object.
WARNING: [Vivado 12-584] No ports matched 'LED_5_4[0]'. [/volsme/user1x/users/mi01a014/Bureau/TP1/TP1.srcs/constrs_1/imports/TP1/mi01.xdc:29]
CRITICAL WARNING: [Common 17-55] 'set_property' expects at least one object. [/volsme/user1x/users/mi01a014/Bureau/TP1/TP1.srcs/constrs_1/imports/TP1/mi01.xdc:29]
Resolution: If [get_<value>] was used to populate the object, check to make sure this command returns at least one valid object.
WARNING: [Vivado 12-584] No ports matched 'LED_5_4[1]'. [/volsme/user1x/users/mi01a014/Bureau/TP1/TP1.srcs/constrs_1/imports/TP1/mi01.xdc:30]
CRITICAL WARNING: [Common 17-55] 'set_property' expects at least one object. [/volsme/user1x/users/mi01a014/Bureau/TP1/TP1.srcs/constrs_1/imports/TP1/mi01.xdc:30]
Resolution: If [get_<value>] was used to populate the object, check to make sure this command returns at least one valid object.
WARNING: [Vivado 12-584] No ports matched 'LED_5_4[1]'. [/volsme/user1x/users/mi01a014/Bureau/TP1/TP1.srcs/constrs_1/imports/TP1/mi01.xdc:31]
CRITICAL WARNING: [Common 17-55] 'set_property' expects at least one object. [/volsme/user1x/users/mi01a014/Bureau/TP1/TP1.srcs/constrs_1/imports/TP1/mi01.xdc:31]
Resolution: If [get_<value>] was used to populate the object, check to make sure this command returns at least one valid object.
WARNING: [Vivado 12-584] No ports matched 'LED_7_6[0]'. [/volsme/user1x/users/mi01a014/Bureau/TP1/TP1.srcs/constrs_1/imports/TP1/mi01.xdc:34]
CRITICAL WARNING: [Common 17-55] 'set_property' expects at least one object. [/volsme/user1x/users/mi01a014/Bureau/TP1/TP1.srcs/constrs_1/imports/TP1/mi01.xdc:34]
Resolution: If [get_<value>] was used to populate the object, check to make sure this command returns at least one valid object.
WARNING: [Vivado 12-584] No ports matched 'LED_7_6[0]'. [/volsme/user1x/users/mi01a014/Bureau/TP1/TP1.srcs/constrs_1/imports/TP1/mi01.xdc:35]
CRITICAL WARNING: [Common 17-55] 'set_property' expects at least one object. [/volsme/user1x/users/mi01a014/Bureau/TP1/TP1.srcs/constrs_1/imports/TP1/mi01.xdc:35]
Resolution: If [get_<value>] was used to populate the object, check to make sure this command returns at least one valid object.
WARNING: [Vivado 12-584] No ports matched 'LED_7_6[1]'. [/volsme/user1x/users/mi01a014/Bureau/TP1/TP1.srcs/constrs_1/imports/TP1/mi01.xdc:36]
CRITICAL WARNING: [Common 17-55] 'set_property' expects at least one object. [/volsme/user1x/users/mi01a014/Bureau/TP1/TP1.srcs/constrs_1/imports/TP1/mi01.xdc:36]
Resolution: If [get_<value>] was used to populate the object, check to make sure this command returns at least one valid object.
WARNING: [Vivado 12-584] No ports matched 'LED_7_6[1]'. [/volsme/user1x/users/mi01a014/Bureau/TP1/TP1.srcs/constrs_1/imports/TP1/mi01.xdc:37]
CRITICAL WARNING: [Common 17-55] 'set_property' expects at least one object. [/volsme/user1x/users/mi01a014/Bureau/TP1/TP1.srcs/constrs_1/imports/TP1/mi01.xdc:37]
Resolution: If [get_<value>] was used to populate the object, check to make sure this command returns at least one valid object.
WARNING: [Vivado 12-584] No ports matched 'LED_9_8[0]'. [/volsme/user1x/users/mi01a014/Bureau/TP1/TP1.srcs/constrs_1/imports/TP1/mi01.xdc:40]
CRITICAL WARNING: [Common 17-55] 'set_property' expects at least one object. [/volsme/user1x/users/mi01a014/Bureau/TP1/TP1.srcs/constrs_1/imports/TP1/mi01.xdc:40]
Resolution: If [get_<value>] was used to populate the object, check to make sure this command returns at least one valid object.
WARNING: [Vivado 12-584] No ports matched 'LED_9_8[0]'. [/volsme/user1x/users/mi01a014/Bureau/TP1/TP1.srcs/constrs_1/imports/TP1/mi01.xdc:41]
CRITICAL WARNING: [Common 17-55] 'set_property' expects at least one object. [/volsme/user1x/users/mi01a014/Bureau/TP1/TP1.srcs/constrs_1/imports/TP1/mi01.xdc:41]
Resolution: If [get_<value>] was used to populate the object, check to make sure this command returns at least one valid object.
WARNING: [Vivado 12-584] No ports matched 'LED_9_8[1]'. [/volsme/user1x/users/mi01a014/Bureau/TP1/TP1.srcs/constrs_1/imports/TP1/mi01.xdc:42]
CRITICAL WARNING: [Common 17-55] 'set_property' expects at least one object. [/volsme/user1x/users/mi01a014/Bureau/TP1/TP1.srcs/constrs_1/imports/TP1/mi01.xdc:42]
Resolution: If [get_<value>] was used to populate the object, check to make sure this command returns at least one valid object.
WARNING: [Vivado 12-584] No ports matched 'LED_9_8[1]'. [/volsme/user1x/users/mi01a014/Bureau/TP1/TP1.srcs/constrs_1/imports/TP1/mi01.xdc:43]
CRITICAL WARNING: [Common 17-55] 'set_property' expects at least one object. [/volsme/user1x/users/mi01a014/Bureau/TP1/TP1.srcs/constrs_1/imports/TP1/mi01.xdc:43]
Resolution: If [get_<value>] was used to populate the object, check to make sure this command returns at least one valid object.
WARNING: [Vivado 12-584] No ports matched 'LED_11_10[0]'. [/volsme/user1x/users/mi01a014/Bureau/TP1/TP1.srcs/constrs_1/imports/TP1/mi01.xdc:46]
CRITICAL WARNING: [Common 17-55] 'set_property' expects at least one object. [/volsme/user1x/users/mi01a014/Bureau/TP1/TP1.srcs/constrs_1/imports/TP1/mi01.xdc:46]
Resolution: If [get_<value>] was used to populate the object, check to make sure this command returns at least one valid object.
WARNING: [Vivado 12-584] No ports matched 'LED_11_10[0]'. [/volsme/user1x/users/mi01a014/Bureau/TP1/TP1.srcs/constrs_1/imports/TP1/mi01.xdc:47]
CRITICAL WARNING: [Common 17-55] 'set_property' expects at least one object. [/volsme/user1x/users/mi01a014/Bureau/TP1/TP1.srcs/constrs_1/imports/TP1/mi01.xdc:47]
Resolution: If [get_<value>] was used to populate the object, check to make sure this command returns at least one valid object.
WARNING: [Vivado 12-584] No ports matched 'LED_11_10[1]'. [/volsme/user1x/users/mi01a014/Bureau/TP1/TP1.srcs/constrs_1/imports/TP1/mi01.xdc:48]
CRITICAL WARNING: [Common 17-55] 'set_property' expects at least one object. [/volsme/user1x/users/mi01a014/Bureau/TP1/TP1.srcs/constrs_1/imports/TP1/mi01.xdc:48]
Resolution: If [get_<value>] was used to populate the object, check to make sure this command returns at least one valid object.
WARNING: [Vivado 12-584] No ports matched 'LED_11_10[1]'. [/volsme/user1x/users/mi01a014/Bureau/TP1/TP1.srcs/constrs_1/imports/TP1/mi01.xdc:49]
CRITICAL WARNING: [Common 17-55] 'set_property' expects at least one object. [/volsme/user1x/users/mi01a014/Bureau/TP1/TP1.srcs/constrs_1/imports/TP1/mi01.xdc:49]
Resolution: If [get_<value>] was used to populate the object, check to make sure this command returns at least one valid object.
WARNING: [Vivado 12-584] No ports matched 'LED_13_12[0]'. [/volsme/user1x/users/mi01a014/Bureau/TP1/TP1.srcs/constrs_1/imports/TP1/mi01.xdc:52]
CRITICAL WARNING: [Common 17-55] 'set_property' expects at least one object. [/volsme/user1x/users/mi01a014/Bureau/TP1/TP1.srcs/constrs_1/imports/TP1/mi01.xdc:52]
Resolution: If [get_<value>] was used to populate the object, check to make sure this command returns at least one valid object.
WARNING: [Vivado 12-584] No ports matched 'LED_13_12[0]'. [/volsme/user1x/users/mi01a014/Bureau/TP1/TP1.srcs/constrs_1/imports/TP1/mi01.xdc:53]
CRITICAL WARNING: [Common 17-55] 'set_property' expects at least one object. [/volsme/user1x/users/mi01a014/Bureau/TP1/TP1.srcs/constrs_1/imports/TP1/mi01.xdc:53]
Resolution: If [get_<value>] was used to populate the object, check to make sure this command returns at least one valid object.
WARNING: [Vivado 12-584] No ports matched 'LED_13_12[1]'. [/volsme/user1x/users/mi01a014/Bureau/TP1/TP1.srcs/constrs_1/imports/TP1/mi01.xdc:54]
CRITICAL WARNING: [Common 17-55] 'set_property' expects at least one object. [/volsme/user1x/users/mi01a014/Bureau/TP1/TP1.srcs/constrs_1/imports/TP1/mi01.xdc:54]
Resolution: If [get_<value>] was used to populate the object, check to make sure this command returns at least one valid object.
WARNING: [Vivado 12-584] No ports matched 'LED_13_12[1]'. [/volsme/user1x/users/mi01a014/Bureau/TP1/TP1.srcs/constrs_1/imports/TP1/mi01.xdc:55]
CRITICAL WARNING: [Common 17-55] 'set_property' expects at least one object. [/volsme/user1x/users/mi01a014/Bureau/TP1/TP1.srcs/constrs_1/imports/TP1/mi01.xdc:55]
Resolution: If [get_<value>] was used to populate the object, check to make sure this command returns at least one valid object.
WARNING: [Vivado 12-584] No ports matched 'LED_15_14[0]'. [/volsme/user1x/users/mi01a014/Bureau/TP1/TP1.srcs/constrs_1/imports/TP1/mi01.xdc:58]
CRITICAL WARNING: [Common 17-55] 'set_property' expects at least one object. [/volsme/user1x/users/mi01a014/Bureau/TP1/TP1.srcs/constrs_1/imports/TP1/mi01.xdc:58]
Resolution: If [get_<value>] was used to populate the object, check to make sure this command returns at least one valid object.
WARNING: [Vivado 12-584] No ports matched 'LED_15_14[0]'. [/volsme/user1x/users/mi01a014/Bureau/TP1/TP1.srcs/constrs_1/imports/TP1/mi01.xdc:59]
CRITICAL WARNING: [Common 17-55] 'set_property' expects at least one object. [/volsme/user1x/users/mi01a014/Bureau/TP1/TP1.srcs/constrs_1/imports/TP1/mi01.xdc:59]
Resolution: If [get_<value>] was used to populate the object, check to make sure this command returns at least one valid object.
WARNING: [Vivado 12-584] No ports matched 'LED_15_14[1]'. [/volsme/user1x/users/mi01a014/Bureau/TP1/TP1.srcs/constrs_1/imports/TP1/mi01.xdc:60]
CRITICAL WARNING: [Common 17-55] 'set_property' expects at least one object. [/volsme/user1x/users/mi01a014/Bureau/TP1/TP1.srcs/constrs_1/imports/TP1/mi01.xdc:60]
Resolution: If [get_<value>] was used to populate the object, check to make sure this command returns at least one valid object.
WARNING: [Vivado 12-584] No ports matched 'LED_15_14[1]'. [/volsme/user1x/users/mi01a014/Bureau/TP1/TP1.srcs/constrs_1/imports/TP1/mi01.xdc:61]
CRITICAL WARNING: [Common 17-55] 'set_property' expects at least one object. [/volsme/user1x/users/mi01a014/Bureau/TP1/TP1.srcs/constrs_1/imports/TP1/mi01.xdc:61]
Resolution: If [get_<value>] was used to populate the object, check to make sure this command returns at least one valid object.
WARNING: [Vivado 12-584] No ports matched 'LED_3_0[0]'. [/volsme/user1x/users/mi01a014/Bureau/TP1/TP1.srcs/constrs_1/imports/TP1/mi01.xdc:64]
CRITICAL WARNING: [Common 17-55] 'set_property' expects at least one object. [/volsme/user1x/users/mi01a014/Bureau/TP1/TP1.srcs/constrs_1/imports/TP1/mi01.xdc:64]
Resolution: If [get_<value>] was used to populate the object, check to make sure this command returns at least one valid object.
WARNING: [Vivado 12-584] No ports matched 'LED_3_0[0]'. [/volsme/user1x/users/mi01a014/Bureau/TP1/TP1.srcs/constrs_1/imports/TP1/mi01.xdc:65]
CRITICAL WARNING: [Common 17-55] 'set_property' expects at least one object. [/volsme/user1x/users/mi01a014/Bureau/TP1/TP1.srcs/constrs_1/imports/TP1/mi01.xdc:65]
Resolution: If [get_<value>] was used to populate the object, check to make sure this command returns at least one valid object.
WARNING: [Vivado 12-584] No ports matched 'LED_3_0[1]'. [/volsme/user1x/users/mi01a014/Bureau/TP1/TP1.srcs/constrs_1/imports/TP1/mi01.xdc:66]
CRITICAL WARNING: [Common 17-55] 'set_property' expects at least one object. [/volsme/user1x/users/mi01a014/Bureau/TP1/TP1.srcs/constrs_1/imports/TP1/mi01.xdc:66]
Resolution: If [get_<value>] was used to populate the object, check to make sure this command returns at least one valid object.
WARNING: [Vivado 12-584] No ports matched 'LED_3_0[1]'. [/volsme/user1x/users/mi01a014/Bureau/TP1/TP1.srcs/constrs_1/imports/TP1/mi01.xdc:67]
CRITICAL WARNING: [Common 17-55] 'set_property' expects at least one object. [/volsme/user1x/users/mi01a014/Bureau/TP1/TP1.srcs/constrs_1/imports/TP1/mi01.xdc:67]
Resolution: If [get_<value>] was used to populate the object, check to make sure this command returns at least one valid object.
WARNING: [Vivado 12-584] No ports matched 'LED_3_0[2]'. [/volsme/user1x/users/mi01a014/Bureau/TP1/TP1.srcs/constrs_1/imports/TP1/mi01.xdc:68]
CRITICAL WARNING: [Common 17-55] 'set_property' expects at least one object. [/volsme/user1x/users/mi01a014/Bureau/TP1/TP1.srcs/constrs_1/imports/TP1/mi01.xdc:68]
Resolution: If [get_<value>] was used to populate the object, check to make sure this command returns at least one valid object.
WARNING: [Vivado 12-584] No ports matched 'LED_3_0[2]'. [/volsme/user1x/users/mi01a014/Bureau/TP1/TP1.srcs/constrs_1/imports/TP1/mi01.xdc:69]
CRITICAL WARNING: [Common 17-55] 'set_property' expects at least one object. [/volsme/user1x/users/mi01a014/Bureau/TP1/TP1.srcs/constrs_1/imports/TP1/mi01.xdc:69]
Resolution: If [get_<value>] was used to populate the object, check to make sure this command returns at least one valid object.
WARNING: [Vivado 12-584] No ports matched 'LED_3_0[3]'. [/volsme/user1x/users/mi01a014/Bureau/TP1/TP1.srcs/constrs_1/imports/TP1/mi01.xdc:70]
CRITICAL WARNING: [Common 17-55] 'set_property' expects at least one object. [/volsme/user1x/users/mi01a014/Bureau/TP1/TP1.srcs/constrs_1/imports/TP1/mi01.xdc:70]
Resolution: If [get_<value>] was used to populate the object, check to make sure this command returns at least one valid object.
WARNING: [Vivado 12-584] No ports matched 'LED_3_0[3]'. [/volsme/user1x/users/mi01a014/Bureau/TP1/TP1.srcs/constrs_1/imports/TP1/mi01.xdc:71]
CRITICAL WARNING: [Common 17-55] 'set_property' expects at least one object. [/volsme/user1x/users/mi01a014/Bureau/TP1/TP1.srcs/constrs_1/imports/TP1/mi01.xdc:71]
Resolution: If [get_<value>] was used to populate the object, check to make sure this command returns at least one valid object.
WARNING: [Vivado 12-584] No ports matched 'LED_7_4[0]'. [/volsme/user1x/users/mi01a014/Bureau/TP1/TP1.srcs/constrs_1/imports/TP1/mi01.xdc:74]
CRITICAL WARNING: [Common 17-55] 'set_property' expects at least one object. [/volsme/user1x/users/mi01a014/Bureau/TP1/TP1.srcs/constrs_1/imports/TP1/mi01.xdc:74]
Resolution: If [get_<value>] was used to populate the object, check to make sure this command returns at least one valid object.
WARNING: [Vivado 12-584] No ports matched 'LED_7_4[0]'. [/volsme/user1x/users/mi01a014/Bureau/TP1/TP1.srcs/constrs_1/imports/TP1/mi01.xdc:75]
CRITICAL WARNING: [Common 17-55] 'set_property' expects at least one object. [/volsme/user1x/users/mi01a014/Bureau/TP1/TP1.srcs/constrs_1/imports/TP1/mi01.xdc:75]
Resolution: If [get_<value>] was used to populate the object, check to make sure this command returns at least one valid object.
WARNING: [Vivado 12-584] No ports matched 'LED_7_4[1]'. [/volsme/user1x/users/mi01a014/Bureau/TP1/TP1.srcs/constrs_1/imports/TP1/mi01.xdc:76]
CRITICAL WARNING: [Common 17-55] 'set_property' expects at least one object. [/volsme/user1x/users/mi01a014/Bureau/TP1/TP1.srcs/constrs_1/imports/TP1/mi01.xdc:76]
Resolution: If [get_<value>] was used to populate the object, check to make sure this command returns at least one valid object.
WARNING: [Vivado 12-584] No ports matched 'LED_7_4[1]'. [/volsme/user1x/users/mi01a014/Bureau/TP1/TP1.srcs/constrs_1/imports/TP1/mi01.xdc:77]
CRITICAL WARNING: [Common 17-55] 'set_property' expects at least one object. [/volsme/user1x/users/mi01a014/Bureau/TP1/TP1.srcs/constrs_1/imports/TP1/mi01.xdc:77]
Resolution: If [get_<value>] was used to populate the object, check to make sure this command returns at least one valid object.
WARNING: [Vivado 12-584] No ports matched 'LED_7_4[2]'. [/volsme/user1x/users/mi01a014/Bureau/TP1/TP1.srcs/constrs_1/imports/TP1/mi01.xdc:78]
CRITICAL WARNING: [Common 17-55] 'set_property' expects at least one object. [/volsme/user1x/users/mi01a014/Bureau/TP1/TP1.srcs/constrs_1/imports/TP1/mi01.xdc:78]
Resolution: If [get_<value>] was used to populate the object, check to make sure this command returns at least one valid object.
WARNING: [Vivado 12-584] No ports matched 'LED_7_4[2]'. [/volsme/user1x/users/mi01a014/Bureau/TP1/TP1.srcs/constrs_1/imports/TP1/mi01.xdc:79]
CRITICAL WARNING: [Common 17-55] 'set_property' expects at least one object. [/volsme/user1x/users/mi01a014/Bureau/TP1/TP1.srcs/constrs_1/imports/TP1/mi01.xdc:79]
Resolution: If [get_<value>] was used to populate the object, check to make sure this command returns at least one valid object.
WARNING: [Vivado 12-584] No ports matched 'LED_7_4[3]'. [/volsme/user1x/users/mi01a014/Bureau/TP1/TP1.srcs/constrs_1/imports/TP1/mi01.xdc:80]
CRITICAL WARNING: [Common 17-55] 'set_property' expects at least one object. [/volsme/user1x/users/mi01a014/Bureau/TP1/TP1.srcs/constrs_1/imports/TP1/mi01.xdc:80]
Resolution: If [get_<value>] was used to populate the object, check to make sure this command returns at least one valid object.
WARNING: [Vivado 12-584] No ports matched 'LED_7_4[3]'. [/volsme/user1x/users/mi01a014/Bureau/TP1/TP1.srcs/constrs_1/imports/TP1/mi01.xdc:81]
CRITICAL WARNING: [Common 17-55] 'set_property' expects at least one object. [/volsme/user1x/users/mi01a014/Bureau/TP1/TP1.srcs/constrs_1/imports/TP1/mi01.xdc:81]
Resolution: If [get_<value>] was used to populate the object, check to make sure this command returns at least one valid object.
WARNING: [Vivado 12-584] No ports matched 'LED_11_8[0]'. [/volsme/user1x/users/mi01a014/Bureau/TP1/TP1.srcs/constrs_1/imports/TP1/mi01.xdc:84]
CRITICAL WARNING: [Common 17-55] 'set_property' expects at least one object. [/volsme/user1x/users/mi01a014/Bureau/TP1/TP1.srcs/constrs_1/imports/TP1/mi01.xdc:84]
Resolution: If [get_<value>] was used to populate the object, check to make sure this command returns at least one valid object.
WARNING: [Vivado 12-584] No ports matched 'LED_11_8[0]'. [/volsme/user1x/users/mi01a014/Bureau/TP1/TP1.srcs/constrs_1/imports/TP1/mi01.xdc:85]
CRITICAL WARNING: [Common 17-55] 'set_property' expects at least one object. [/volsme/user1x/users/mi01a014/Bureau/TP1/TP1.srcs/constrs_1/imports/TP1/mi01.xdc:85]
Resolution: If [get_<value>] was used to populate the object, check to make sure this command returns at least one valid object.
WARNING: [Vivado 12-584] No ports matched 'LED_11_8[1]'. [/volsme/user1x/users/mi01a014/Bureau/TP1/TP1.srcs/constrs_1/imports/TP1/mi01.xdc:86]
CRITICAL WARNING: [Common 17-55] 'set_property' expects at least one object. [/volsme/user1x/users/mi01a014/Bureau/TP1/TP1.srcs/constrs_1/imports/TP1/mi01.xdc:86]
Resolution: If [get_<value>] was used to populate the object, check to make sure this command returns at least one valid object.
WARNING: [Vivado 12-584] No ports matched 'LED_11_8[1]'. [/volsme/user1x/users/mi01a014/Bureau/TP1/TP1.srcs/constrs_1/imports/TP1/mi01.xdc:87]
CRITICAL WARNING: [Common 17-55] 'set_property' expects at least one object. [/volsme/user1x/users/mi01a014/Bureau/TP1/TP1.srcs/constrs_1/imports/TP1/mi01.xdc:87]
Resolution: If [get_<value>] was used to populate the object, check to make sure this command returns at least one valid object.
WARNING: [Vivado 12-584] No ports matched 'LED_11_8[2]'. [/volsme/user1x/users/mi01a014/Bureau/TP1/TP1.srcs/constrs_1/imports/TP1/mi01.xdc:88]
CRITICAL WARNING: [Common 17-55] 'set_property' expects at least one object. [/volsme/user1x/users/mi01a014/Bureau/TP1/TP1.srcs/constrs_1/imports/TP1/mi01.xdc:88]
Resolution: If [get_<value>] was used to populate the object, check to make sure this command returns at least one valid object.
WARNING: [Vivado 12-584] No ports matched 'LED_11_8[2]'. [/volsme/user1x/users/mi01a014/Bureau/TP1/TP1.srcs/constrs_1/imports/TP1/mi01.xdc:89]
CRITICAL WARNING: [Common 17-55] 'set_property' expects at least one object. [/volsme/user1x/users/mi01a014/Bureau/TP1/TP1.srcs/constrs_1/imports/TP1/mi01.xdc:89]
Resolution: If [get_<value>] was used to populate the object, check to make sure this command returns at least one valid object.
WARNING: [Vivado 12-584] No ports matched 'LED_11_8[3]'. [/volsme/user1x/users/mi01a014/Bureau/TP1/TP1.srcs/constrs_1/imports/TP1/mi01.xdc:90]
CRITICAL WARNING: [Common 17-55] 'set_property' expects at least one object. [/volsme/user1x/users/mi01a014/Bureau/TP1/TP1.srcs/constrs_1/imports/TP1/mi01.xdc:90]
Resolution: If [get_<value>] was used to populate the object, check to make sure this command returns at least one valid object.
WARNING: [Vivado 12-584] No ports matched 'LED_11_8[3]'. [/volsme/user1x/users/mi01a014/Bureau/TP1/TP1.srcs/constrs_1/imports/TP1/mi01.xdc:91]
CRITICAL WARNING: [Common 17-55] 'set_property' expects at least one object. [/volsme/user1x/users/mi01a014/Bureau/TP1/TP1.srcs/constrs_1/imports/TP1/mi01.xdc:91]
Resolution: If [get_<value>] was used to populate the object, check to make sure this command returns at least one valid object.
WARNING: [Vivado 12-584] No ports matched 'LED_15_12[0]'. [/volsme/user1x/users/mi01a014/Bureau/TP1/TP1.srcs/constrs_1/imports/TP1/mi01.xdc:94]
CRITICAL WARNING: [Common 17-55] 'set_property' expects at least one object. [/volsme/user1x/users/mi01a014/Bureau/TP1/TP1.srcs/constrs_1/imports/TP1/mi01.xdc:94]
Resolution: If [get_<value>] was used to populate the object, check to make sure this command returns at least one valid object.
WARNING: [Vivado 12-584] No ports matched 'LED_15_12[0]'. [/volsme/user1x/users/mi01a014/Bureau/TP1/TP1.srcs/constrs_1/imports/TP1/mi01.xdc:95]
CRITICAL WARNING: [Common 17-55] 'set_property' expects at least one object. [/volsme/user1x/users/mi01a014/Bureau/TP1/TP1.srcs/constrs_1/imports/TP1/mi01.xdc:95]
Resolution: If [get_<value>] was used to populate the object, check to make sure this command returns at least one valid object.
WARNING: [Vivado 12-584] No ports matched 'LED_15_12[1]'. [/volsme/user1x/users/mi01a014/Bureau/TP1/TP1.srcs/constrs_1/imports/TP1/mi01.xdc:96]
CRITICAL WARNING: [Common 17-55] 'set_property' expects at least one object. [/volsme/user1x/users/mi01a014/Bureau/TP1/TP1.srcs/constrs_1/imports/TP1/mi01.xdc:96]
Resolution: If [get_<value>] was used to populate the object, check to make sure this command returns at least one valid object.
WARNING: [Vivado 12-584] No ports matched 'LED_15_12[1]'. [/volsme/user1x/users/mi01a014/Bureau/TP1/TP1.srcs/constrs_1/imports/TP1/mi01.xdc:97]
CRITICAL WARNING: [Common 17-55] 'set_property' expects at least one object. [/volsme/user1x/users/mi01a014/Bureau/TP1/TP1.srcs/constrs_1/imports/TP1/mi01.xdc:97]
Resolution: If [get_<value>] was used to populate the object, check to make sure this command returns at least one valid object.
WARNING: [Vivado 12-584] No ports matched 'LED_15_12[2]'. [/volsme/user1x/users/mi01a014/Bureau/TP1/TP1.srcs/constrs_1/imports/TP1/mi01.xdc:98]
CRITICAL WARNING: [Common 17-55] 'set_property' expects at least one object. [/volsme/user1x/users/mi01a014/Bureau/TP1/TP1.srcs/constrs_1/imports/TP1/mi01.xdc:98]
Resolution: If [get_<value>] was used to populate the object, check to make sure this command returns at least one valid object.
WARNING: [Vivado 12-584] No ports matched 'LED_15_12[2]'. [/volsme/user1x/users/mi01a014/Bureau/TP1/TP1.srcs/constrs_1/imports/TP1/mi01.xdc:99]
CRITICAL WARNING: [Common 17-55] 'set_property' expects at least one object. [/volsme/user1x/users/mi01a014/Bureau/TP1/TP1.srcs/constrs_1/imports/TP1/mi01.xdc:99]
Resolution: If [get_<value>] was used to populate the object, check to make sure this command returns at least one valid object.
WARNING: [Vivado 12-584] No ports matched 'LED_15_12[3]'. [/volsme/user1x/users/mi01a014/Bureau/TP1/TP1.srcs/constrs_1/imports/TP1/mi01.xdc:100]
CRITICAL WARNING: [Common 17-55] 'set_property' expects at least one object. [/volsme/user1x/users/mi01a014/Bureau/TP1/TP1.srcs/constrs_1/imports/TP1/mi01.xdc:100]
Resolution: If [get_<value>] was used to populate the object, check to make sure this command returns at least one valid object.
WARNING: [Vivado 12-584] No ports matched 'LED_15_12[3]'. [/volsme/user1x/users/mi01a014/Bureau/TP1/TP1.srcs/constrs_1/imports/TP1/mi01.xdc:101]
CRITICAL WARNING: [Common 17-55] 'set_property' expects at least one object. [/volsme/user1x/users/mi01a014/Bureau/TP1/TP1.srcs/constrs_1/imports/TP1/mi01.xdc:101]
Resolution: If [get_<value>] was used to populate the object, check to make sure this command returns at least one valid object.
WARNING: [Vivado 12-584] No ports matched 'LED_7_0[0]'. [/volsme/user1x/users/mi01a014/Bureau/TP1/TP1.srcs/constrs_1/imports/TP1/mi01.xdc:104]
CRITICAL WARNING: [Common 17-55] 'set_property' expects at least one object. [/volsme/user1x/users/mi01a014/Bureau/TP1/TP1.srcs/constrs_1/imports/TP1/mi01.xdc:104]
Resolution: If [get_<value>] was used to populate the object, check to make sure this command returns at least one valid object.
WARNING: [Vivado 12-584] No ports matched 'LED_7_0[0]'. [/volsme/user1x/users/mi01a014/Bureau/TP1/TP1.srcs/constrs_1/imports/TP1/mi01.xdc:105]
CRITICAL WARNING: [Common 17-55] 'set_property' expects at least one object. [/volsme/user1x/users/mi01a014/Bureau/TP1/TP1.srcs/constrs_1/imports/TP1/mi01.xdc:105]
Resolution: If [get_<value>] was used to populate the object, check to make sure this command returns at least one valid object.
WARNING: [Vivado 12-584] No ports matched 'LED_7_0[1]'. [/volsme/user1x/users/mi01a014/Bureau/TP1/TP1.srcs/constrs_1/imports/TP1/mi01.xdc:106]
CRITICAL WARNING: [Common 17-55] 'set_property' expects at least one object. [/volsme/user1x/users/mi01a014/Bureau/TP1/TP1.srcs/constrs_1/imports/TP1/mi01.xdc:106]
Resolution: If [get_<value>] was used to populate the object, check to make sure this command returns at least one valid object.
WARNING: [Vivado 12-584] No ports matched 'LED_7_0[1]'. [/volsme/user1x/users/mi01a014/Bureau/TP1/TP1.srcs/constrs_1/imports/TP1/mi01.xdc:107]
CRITICAL WARNING: [Common 17-55] 'set_property' expects at least one object. [/volsme/user1x/users/mi01a014/Bureau/TP1/TP1.srcs/constrs_1/imports/TP1/mi01.xdc:107]
Resolution: If [get_<value>] was used to populate the object, check to make sure this command returns at least one valid object.
WARNING: [Vivado 12-584] No ports matched 'LED_7_0[2]'. [/volsme/user1x/users/mi01a014/Bureau/TP1/TP1.srcs/constrs_1/imports/TP1/mi01.xdc:108]
CRITICAL WARNING: [Common 17-55] 'set_property' expects at least one object. [/volsme/user1x/users/mi01a014/Bureau/TP1/TP1.srcs/constrs_1/imports/TP1/mi01.xdc:108]
Resolution: If [get_<value>] was used to populate the object, check to make sure this command returns at least one valid object.
WARNING: [Vivado 12-584] No ports matched 'LED_7_0[2]'. [/volsme/user1x/users/mi01a014/Bureau/TP1/TP1.srcs/constrs_1/imports/TP1/mi01.xdc:109]
CRITICAL WARNING: [Common 17-55] 'set_property' expects at least one object. [/volsme/user1x/users/mi01a014/Bureau/TP1/TP1.srcs/constrs_1/imports/TP1/mi01.xdc:109]
Resolution: If [get_<value>] was used to populate the object, check to make sure this command returns at least one valid object.
WARNING: [Vivado 12-584] No ports matched 'LED_7_0[3]'. [/volsme/user1x/users/mi01a014/Bureau/TP1/TP1.srcs/constrs_1/imports/TP1/mi01.xdc:110]
CRITICAL WARNING: [Common 17-55] 'set_property' expects at least one object. [/volsme/user1x/users/mi01a014/Bureau/TP1/TP1.srcs/constrs_1/imports/TP1/mi01.xdc:110]
Resolution: If [get_<value>] was used to populate the object, check to make sure this command returns at least one valid object.
WARNING: [Vivado 12-584] No ports matched 'LED_7_0[3]'. [/volsme/user1x/users/mi01a014/Bureau/TP1/TP1.srcs/constrs_1/imports/TP1/mi01.xdc:111]
CRITICAL WARNING: [Common 17-55] 'set_property' expects at least one object. [/volsme/user1x/users/mi01a014/Bureau/TP1/TP1.srcs/constrs_1/imports/TP1/mi01.xdc:111]
Resolution: If [get_<value>] was used to populate the object, check to make sure this command returns at least one valid object.
WARNING: [Vivado 12-584] No ports matched 'LED_7_0[4]'. [/volsme/user1x/users/mi01a014/Bureau/TP1/TP1.srcs/constrs_1/imports/TP1/mi01.xdc:112]
CRITICAL WARNING: [Common 17-55] 'set_property' expects at least one object. [/volsme/user1x/users/mi01a014/Bureau/TP1/TP1.srcs/constrs_1/imports/TP1/mi01.xdc:112]
Resolution: If [get_<value>] was used to populate the object, check to make sure this command returns at least one valid object.
WARNING: [Vivado 12-584] No ports matched 'LED_7_0[4]'. [/volsme/user1x/users/mi01a014/Bureau/TP1/TP1.srcs/constrs_1/imports/TP1/mi01.xdc:113]
CRITICAL WARNING: [Common 17-55] 'set_property' expects at least one object. [/volsme/user1x/users/mi01a014/Bureau/TP1/TP1.srcs/constrs_1/imports/TP1/mi01.xdc:113]
Resolution: If [get_<value>] was used to populate the object, check to make sure this command returns at least one valid object.
WARNING: [Vivado 12-584] No ports matched 'LED_7_0[5]'. [/volsme/user1x/users/mi01a014/Bureau/TP1/TP1.srcs/constrs_1/imports/TP1/mi01.xdc:114]
CRITICAL WARNING: [Common 17-55] 'set_property' expects at least one object. [/volsme/user1x/users/mi01a014/Bureau/TP1/TP1.srcs/constrs_1/imports/TP1/mi01.xdc:114]
Resolution: If [get_<value>] was used to populate the object, check to make sure this command returns at least one valid object.
WARNING: [Vivado 12-584] No ports matched 'LED_7_0[5]'. [/volsme/user1x/users/mi01a014/Bureau/TP1/TP1.srcs/constrs_1/imports/TP1/mi01.xdc:115]
CRITICAL WARNING: [Common 17-55] 'set_property' expects at least one object. [/volsme/user1x/users/mi01a014/Bureau/TP1/TP1.srcs/constrs_1/imports/TP1/mi01.xdc:115]
Resolution: If [get_<value>] was used to populate the object, check to make sure this command returns at least one valid object.
WARNING: [Vivado 12-584] No ports matched 'LED_7_0[6]'. [/volsme/user1x/users/mi01a014/Bureau/TP1/TP1.srcs/constrs_1/imports/TP1/mi01.xdc:116]
CRITICAL WARNING: [Common 17-55] 'set_property' expects at least one object. [/volsme/user1x/users/mi01a014/Bureau/TP1/TP1.srcs/constrs_1/imports/TP1/mi01.xdc:116]
Resolution: If [get_<value>] was used to populate the object, check to make sure this command returns at least one valid object.
WARNING: [Vivado 12-584] No ports matched 'LED_7_0[6]'. [/volsme/user1x/users/mi01a014/Bureau/TP1/TP1.srcs/constrs_1/imports/TP1/mi01.xdc:117]
CRITICAL WARNING: [Common 17-55] 'set_property' expects at least one object. [/volsme/user1x/users/mi01a014/Bureau/TP1/TP1.srcs/constrs_1/imports/TP1/mi01.xdc:117]
Resolution: If [get_<value>] was used to populate the object, check to make sure this command returns at least one valid object.
WARNING: [Vivado 12-584] No ports matched 'LED_7_0[7]'. [/volsme/user1x/users/mi01a014/Bureau/TP1/TP1.srcs/constrs_1/imports/TP1/mi01.xdc:118]
CRITICAL WARNING: [Common 17-55] 'set_property' expects at least one object. [/volsme/user1x/users/mi01a014/Bureau/TP1/TP1.srcs/constrs_1/imports/TP1/mi01.xdc:118]
Resolution: If [get_<value>] was used to populate the object, check to make sure this command returns at least one valid object.
WARNING: [Vivado 12-584] No ports matched 'LED_7_0[7]'. [/volsme/user1x/users/mi01a014/Bureau/TP1/TP1.srcs/constrs_1/imports/TP1/mi01.xdc:119]
CRITICAL WARNING: [Common 17-55] 'set_property' expects at least one object. [/volsme/user1x/users/mi01a014/Bureau/TP1/TP1.srcs/constrs_1/imports/TP1/mi01.xdc:119]
Resolution: If [get_<value>] was used to populate the object, check to make sure this command returns at least one valid object.
WARNING: [Vivado 12-584] No ports matched 'LED_15_8[0]'. [/volsme/user1x/users/mi01a014/Bureau/TP1/TP1.srcs/constrs_1/imports/TP1/mi01.xdc:122]
CRITICAL WARNING: [Common 17-55] 'set_property' expects at least one object. [/volsme/user1x/users/mi01a014/Bureau/TP1/TP1.srcs/constrs_1/imports/TP1/mi01.xdc:122]
Resolution: If [get_<value>] was used to populate the object, check to make sure this command returns at least one valid object.
WARNING: [Vivado 12-584] No ports matched 'LED_15_8[0]'. [/volsme/user1x/users/mi01a014/Bureau/TP1/TP1.srcs/constrs_1/imports/TP1/mi01.xdc:123]
CRITICAL WARNING: [Common 17-55] 'set_property' expects at least one object. [/volsme/user1x/users/mi01a014/Bureau/TP1/TP1.srcs/constrs_1/imports/TP1/mi01.xdc:123]
Resolution: If [get_<value>] was used to populate the object, check to make sure this command returns at least one valid object.
WARNING: [Vivado 12-584] No ports matched 'LED_15_8[1]'. [/volsme/user1x/users/mi01a014/Bureau/TP1/TP1.srcs/constrs_1/imports/TP1/mi01.xdc:124]
CRITICAL WARNING: [Common 17-55] 'set_property' expects at least one object. [/volsme/user1x/users/mi01a014/Bureau/TP1/TP1.srcs/constrs_1/imports/TP1/mi01.xdc:124]
Resolution: If [get_<value>] was used to populate the object, check to make sure this command returns at least one valid object.
WARNING: [Vivado 12-584] No ports matched 'LED_15_8[1]'. [/volsme/user1x/users/mi01a014/Bureau/TP1/TP1.srcs/constrs_1/imports/TP1/mi01.xdc:125]
CRITICAL WARNING: [Common 17-55] 'set_property' expects at least one object. [/volsme/user1x/users/mi01a014/Bureau/TP1/TP1.srcs/constrs_1/imports/TP1/mi01.xdc:125]
Resolution: If [get_<value>] was used to populate the object, check to make sure this command returns at least one valid object.
WARNING: [Vivado 12-584] No ports matched 'LED_15_8[2]'. [/volsme/user1x/users/mi01a014/Bureau/TP1/TP1.srcs/constrs_1/imports/TP1/mi01.xdc:126]
CRITICAL WARNING: [Common 17-55] 'set_property' expects at least one object. [/volsme/user1x/users/mi01a014/Bureau/TP1/TP1.srcs/constrs_1/imports/TP1/mi01.xdc:126]
Resolution: If [get_<value>] was used to populate the object, check to make sure this command returns at least one valid object.
WARNING: [Vivado 12-584] No ports matched 'LED_15_8[2]'. [/volsme/user1x/users/mi01a014/Bureau/TP1/TP1.srcs/constrs_1/imports/TP1/mi01.xdc:127]
CRITICAL WARNING: [Common 17-55] 'set_property' expects at least one object. [/volsme/user1x/users/mi01a014/Bureau/TP1/TP1.srcs/constrs_1/imports/TP1/mi01.xdc:127]
Resolution: If [get_<value>] was used to populate the object, check to make sure this command returns at least one valid object.
WARNING: [Vivado 12-584] No ports matched 'LED_15_8[3]'. [/volsme/user1x/users/mi01a014/Bureau/TP1/TP1.srcs/constrs_1/imports/TP1/mi01.xdc:128]
CRITICAL WARNING: [Common 17-55] 'set_property' expects at least one object. [/volsme/user1x/users/mi01a014/Bureau/TP1/TP1.srcs/constrs_1/imports/TP1/mi01.xdc:128]
Resolution: If [get_<value>] was used to populate the object, check to make sure this command returns at least one valid object.
WARNING: [Vivado 12-584] No ports matched 'LED_15_8[3]'. [/volsme/user1x/users/mi01a014/Bureau/TP1/TP1.srcs/constrs_1/imports/TP1/mi01.xdc:129]
CRITICAL WARNING: [Common 17-55] 'set_property' expects at least one object. [/volsme/user1x/users/mi01a014/Bureau/TP1/TP1.srcs/constrs_1/imports/TP1/mi01.xdc:129]
Resolution: If [get_<value>] was used to populate the object, check to make sure this command returns at least one valid object.
WARNING: [Vivado 12-584] No ports matched 'LED_15_8[4]'. [/volsme/user1x/users/mi01a014/Bureau/TP1/TP1.srcs/constrs_1/imports/TP1/mi01.xdc:130]
CRITICAL WARNING: [Common 17-55] 'set_property' expects at least one object. [/volsme/user1x/users/mi01a014/Bureau/TP1/TP1.srcs/constrs_1/imports/TP1/mi01.xdc:130]
Resolution: If [get_<value>] was used to populate the object, check to make sure this command returns at least one valid object.
WARNING: [Vivado 12-584] No ports matched 'LED_15_8[4]'. [/volsme/user1x/users/mi01a014/Bureau/TP1/TP1.srcs/constrs_1/imports/TP1/mi01.xdc:131]
CRITICAL WARNING: [Common 17-55] 'set_property' expects at least one object. [/volsme/user1x/users/mi01a014/Bureau/TP1/TP1.srcs/constrs_1/imports/TP1/mi01.xdc:131]
Resolution: If [get_<value>] was used to populate the object, check to make sure this command returns at least one valid object.
WARNING: [Vivado 12-584] No ports matched 'LED_15_8[5]'. [/volsme/user1x/users/mi01a014/Bureau/TP1/TP1.srcs/constrs_1/imports/TP1/mi01.xdc:132]
CRITICAL WARNING: [Common 17-55] 'set_property' expects at least one object. [/volsme/user1x/users/mi01a014/Bureau/TP1/TP1.srcs/constrs_1/imports/TP1/mi01.xdc:132]
Resolution: If [get_<value>] was used to populate the object, check to make sure this command returns at least one valid object.
WARNING: [Vivado 12-584] No ports matched 'LED_15_8[5]'. [/volsme/user1x/users/mi01a014/Bureau/TP1/TP1.srcs/constrs_1/imports/TP1/mi01.xdc:133]
CRITICAL WARNING: [Common 17-55] 'set_property' expects at least one object. [/volsme/user1x/users/mi01a014/Bureau/TP1/TP1.srcs/constrs_1/imports/TP1/mi01.xdc:133]
Resolution: If [get_<value>] was used to populate the object, check to make sure this command returns at least one valid object.
WARNING: [Vivado 12-584] No ports matched 'LED_15_8[6]'. [/volsme/user1x/users/mi01a014/Bureau/TP1/TP1.srcs/constrs_1/imports/TP1/mi01.xdc:134]
CRITICAL WARNING: [Common 17-55] 'set_property' expects at least one object. [/volsme/user1x/users/mi01a014/Bureau/TP1/TP1.srcs/constrs_1/imports/TP1/mi01.xdc:134]
Resolution: If [get_<value>] was used to populate the object, check to make sure this command returns at least one valid object.
WARNING: [Vivado 12-584] No ports matched 'LED_15_8[6]'. [/volsme/user1x/users/mi01a014/Bureau/TP1/TP1.srcs/constrs_1/imports/TP1/mi01.xdc:135]
CRITICAL WARNING: [Common 17-55] 'set_property' expects at least one object. [/volsme/user1x/users/mi01a014/Bureau/TP1/TP1.srcs/constrs_1/imports/TP1/mi01.xdc:135]
Resolution: If [get_<value>] was used to populate the object, check to make sure this command returns at least one valid object.
WARNING: [Vivado 12-584] No ports matched 'LED_15_8[7]'. [/volsme/user1x/users/mi01a014/Bureau/TP1/TP1.srcs/constrs_1/imports/TP1/mi01.xdc:136]
CRITICAL WARNING: [Common 17-55] 'set_property' expects at least one object. [/volsme/user1x/users/mi01a014/Bureau/TP1/TP1.srcs/constrs_1/imports/TP1/mi01.xdc:136]
Resolution: If [get_<value>] was used to populate the object, check to make sure this command returns at least one valid object.
WARNING: [Vivado 12-584] No ports matched 'LED_15_8[7]'. [/volsme/user1x/users/mi01a014/Bureau/TP1/TP1.srcs/constrs_1/imports/TP1/mi01.xdc:137]
CRITICAL WARNING: [Common 17-55] 'set_property' expects at least one object. [/volsme/user1x/users/mi01a014/Bureau/TP1/TP1.srcs/constrs_1/imports/TP1/mi01.xdc:137]
Resolution: If [get_<value>] was used to populate the object, check to make sure this command returns at least one valid object.
WARNING: [Vivado 12-584] No ports matched 'LED[0]'. [/volsme/user1x/users/mi01a014/Bureau/TP1/TP1.srcs/constrs_1/imports/TP1/mi01.xdc:140]
INFO: [Common 17-14] Message 'Vivado 12-584' appears 100 times and further instances of the messages will be disabled. Use the Tcl command set_msg_config to change the current settings. [/volsme/user1x/users/mi01a014/Bureau/TP1/TP1.srcs/constrs_1/imports/TP1/mi01.xdc:140]
CRITICAL WARNING: [Common 17-55] 'set_property' expects at least one object. [/volsme/user1x/users/mi01a014/Bureau/TP1/TP1.srcs/constrs_1/imports/TP1/mi01.xdc:140]
Resolution: If [get_<value>] was used to populate the object, check to make sure this command returns at least one valid object.
CRITICAL WARNING: [Common 17-55] 'set_property' expects at least one object. [/volsme/user1x/users/mi01a014/Bureau/TP1/TP1.srcs/constrs_1/imports/TP1/mi01.xdc:141]
Resolution: If [get_<value>] was used to populate the object, check to make sure this command returns at least one valid object.
Finished Parsing XDC File [/volsme/user1x/users/mi01a014/Bureau/TP1/TP1.srcs/constrs_1/imports/TP1/mi01.xdc]
INFO: [Project 1-236] Implementation specific constraints were found while reading constraint file [/volsme/user1x/users/mi01a014/Bureau/TP1/TP1.srcs/constrs_1/imports/TP1/mi01.xdc]. These constraints will be ignored for synthesis but will be used in implementation. Impacted constraints are listed in the file [.Xil/and2_propImpl.xdc].
Resolution: To avoid this warning, move constraints listed in [.Xil/and2_propImpl.xdc] to another XDC file and exclude this new file from synthesis with the used_in_synthesis property (File Properties dialog in GUI) and re-run elaboration/synthesis.
Completed Processing XDC Constraints

Netlist sorting complete. Time (s): cpu = 00:00:00 ; elapsed = 00:00:00 . Memory (MB): peak = 1771.066 ; gain = 0.000 ; free physical = 3178 ; free virtual = 37117
INFO: [Project 1-111] Unisim Transformation Summary:
No Unisim elements were transformed.

Constraint Validation Runtime : Time (s): cpu = 00:00:00 ; elapsed = 00:00:00.01 . Memory (MB): peak = 1771.066 ; gain = 0.000 ; free physical = 3178 ; free virtual = 37117
---------------------------------------------------------------------------------
Finished Constraint Validation : Time (s): cpu = 00:00:07 ; elapsed = 00:00:09 . Memory (MB): peak = 1771.066 ; gain = 270.172 ; free physical = 3245 ; free virtual = 37184
---------------------------------------------------------------------------------
---------------------------------------------------------------------------------
Start Loading Part and Timing Information
---------------------------------------------------------------------------------
Loading part: xc7a35tcpg236-1
---------------------------------------------------------------------------------
Finished Loading Part and Timing Information : Time (s): cpu = 00:00:07 ; elapsed = 00:00:09 . Memory (MB): peak = 1771.066 ; gain = 270.172 ; free physical = 3245 ; free virtual = 37184
---------------------------------------------------------------------------------
---------------------------------------------------------------------------------
Start Applying 'set_property' XDC Constraints
---------------------------------------------------------------------------------
---------------------------------------------------------------------------------
Finished applying 'set_property' XDC Constraints : Time (s): cpu = 00:00:07 ; elapsed = 00:00:09 . Memory (MB): peak = 1771.066 ; gain = 270.172 ; free physical = 3247 ; free virtual = 37185
---------------------------------------------------------------------------------
---------------------------------------------------------------------------------
Finished RTL Optimization Phase 2 : Time (s): cpu = 00:00:07 ; elapsed = 00:00:09 . Memory (MB): peak = 1771.066 ; gain = 270.172 ; free physical = 3246 ; free virtual = 37185
---------------------------------------------------------------------------------

Report RTL Partitions: 
+-+--------------+------------+----------+
| |RTL Partition |Replication |Instances |
+-+--------------+------------+----------+
+-+--------------+------------+----------+
---------------------------------------------------------------------------------
Start RTL Component Statistics 
---------------------------------------------------------------------------------
Detailed RTL Component Info : 
---------------------------------------------------------------------------------
Finished RTL Component Statistics 
---------------------------------------------------------------------------------
---------------------------------------------------------------------------------
Start RTL Hierarchical Component Statistics 
---------------------------------------------------------------------------------
Hierarchical RTL Component report 
---------------------------------------------------------------------------------
Finished RTL Hierarchical Component Statistics
---------------------------------------------------------------------------------
---------------------------------------------------------------------------------
Start Part Resource Summary
---------------------------------------------------------------------------------
Part Resources:
DSPs: 90 (col length:60)
BRAMs: 100 (col length: RAMB18 60 RAMB36 30)
---------------------------------------------------------------------------------
Finished Part Resource Summary
---------------------------------------------------------------------------------
---------------------------------------------------------------------------------
Start Cross Boundary and Area Optimization
---------------------------------------------------------------------------------
Warning: Parallel synthesis criteria is not met 
---------------------------------------------------------------------------------
Finished Cross Boundary and Area Optimization : Time (s): cpu = 00:00:08 ; elapsed = 00:00:10 . Memory (MB): peak = 1771.066 ; gain = 270.172 ; free physical = 3234 ; free virtual = 37175
---------------------------------------------------------------------------------

Report RTL Partitions: 
+-+--------------+------------+----------+
| |RTL Partition |Replication |Instances |
+-+--------------+------------+----------+
+-+--------------+------------+----------+
---------------------------------------------------------------------------------
Start Applying XDC Timing Constraints
---------------------------------------------------------------------------------
---------------------------------------------------------------------------------
Finished Applying XDC Timing Constraints : Time (s): cpu = 00:00:12 ; elapsed = 00:00:14 . Memory (MB): peak = 1797.066 ; gain = 296.172 ; free physical = 3114 ; free virtual = 37055
---------------------------------------------------------------------------------
---------------------------------------------------------------------------------
Start Timing Optimization
---------------------------------------------------------------------------------
---------------------------------------------------------------------------------
Finished Timing Optimization : Time (s): cpu = 00:00:12 ; elapsed = 00:00:14 . Memory (MB): peak = 1797.066 ; gain = 296.172 ; free physical = 3114 ; free virtual = 37055
---------------------------------------------------------------------------------

Report RTL Partitions: 
+-+--------------+------------+----------+
| |RTL Partition |Replication |Instances |
+-+--------------+------------+----------+
+-+--------------+------------+----------+
---------------------------------------------------------------------------------
Start Technology Mapping
---------------------------------------------------------------------------------
---------------------------------------------------------------------------------
Finished Technology Mapping : Time (s): cpu = 00:00:12 ; elapsed = 00:00:14 . Memory (MB): peak = 1806.082 ; gain = 305.188 ; free physical = 3113 ; free virtual = 37054
---------------------------------------------------------------------------------

Report RTL Partitions: 
+-+--------------+------------+----------+
| |RTL Partition |Replication |Instances |
+-+--------------+------------+----------+
+-+--------------+------------+----------+
---------------------------------------------------------------------------------
Start IO Insertion
---------------------------------------------------------------------------------
---------------------------------------------------------------------------------
Start Flattening Before IO Insertion
---------------------------------------------------------------------------------
---------------------------------------------------------------------------------
Finished Flattening Before IO Insertion
---------------------------------------------------------------------------------
---------------------------------------------------------------------------------
Start Final Netlist Cleanup
---------------------------------------------------------------------------------
---------------------------------------------------------------------------------
Finished Final Netlist Cleanup
---------------------------------------------------------------------------------
---------------------------------------------------------------------------------
Finished IO Insertion : Time (s): cpu = 00:00:13 ; elapsed = 00:00:15 . Memory (MB): peak = 1820.957 ; gain = 320.062 ; free physical = 3113 ; free virtual = 37054
---------------------------------------------------------------------------------

Report Check Netlist: 
+------+------------------+-------+---------+-------+------------------+
|      |Item              |Errors |Warnings |Status |Description       |
+------+------------------+-------+---------+-------+------------------+
|1     |multi_driven_nets |      0|        0|Passed |Multi driven nets |
+------+------------------+-------+---------+-------+------------------+
---------------------------------------------------------------------------------
Start Renaming Generated Instances
---------------------------------------------------------------------------------
---------------------------------------------------------------------------------
Finished Renaming Generated Instances : Time (s): cpu = 00:00:13 ; elapsed = 00:00:15 . Memory (MB): peak = 1820.957 ; gain = 320.062 ; free physical = 3113 ; free virtual = 37054
---------------------------------------------------------------------------------

Report RTL Partitions: 
+-+--------------+------------+----------+
| |RTL Partition |Replication |Instances |
+-+--------------+------------+----------+
+-+--------------+------------+----------+
---------------------------------------------------------------------------------
Start Rebuilding User Hierarchy
---------------------------------------------------------------------------------
---------------------------------------------------------------------------------
Finished Rebuilding User Hierarchy : Time (s): cpu = 00:00:13 ; elapsed = 00:00:15 . Memory (MB): peak = 1820.957 ; gain = 320.062 ; free physical = 3113 ; free virtual = 37054
---------------------------------------------------------------------------------
---------------------------------------------------------------------------------
Start Renaming Generated Ports
---------------------------------------------------------------------------------
---------------------------------------------------------------------------------
Finished Renaming Generated Ports : Time (s): cpu = 00:00:13 ; elapsed = 00:00:15 . Memory (MB): peak = 1820.957 ; gain = 320.062 ; free physical = 3113 ; free virtual = 37054
---------------------------------------------------------------------------------
---------------------------------------------------------------------------------
Start Handling Custom Attributes
---------------------------------------------------------------------------------
---------------------------------------------------------------------------------
Finished Handling Custom Attributes : Time (s): cpu = 00:00:13 ; elapsed = 00:00:15 . Memory (MB): peak = 1820.957 ; gain = 320.062 ; free physical = 3113 ; free virtual = 37054
---------------------------------------------------------------------------------
---------------------------------------------------------------------------------
Start Renaming Generated Nets
---------------------------------------------------------------------------------
---------------------------------------------------------------------------------
Finished Renaming Generated Nets : Time (s): cpu = 00:00:13 ; elapsed = 00:00:15 . Memory (MB): peak = 1820.957 ; gain = 320.062 ; free physical = 3113 ; free virtual = 37054
---------------------------------------------------------------------------------
---------------------------------------------------------------------------------
Start Writing Synthesis Report
---------------------------------------------------------------------------------

Report BlackBoxes: 
+-+--------------+----------+
| |BlackBox name |Instances |
+-+--------------+----------+
+-+--------------+----------+

Report Cell Usage: 
+------+-----+------+
|      |Cell |Count |
+------+-----+------+
|1     |LUT2 |     1|
|2     |IBUF |     2|
|3     |OBUF |     1|
+------+-----+------+

Report Instance Areas: 
+------+---------+-------+------+
|      |Instance |Module |Cells |
+------+---------+-------+------+
|1     |top      |       |     4|
+------+---------+-------+------+
---------------------------------------------------------------------------------
Finished Writing Synthesis Report : Time (s): cpu = 00:00:13 ; elapsed = 00:00:15 . Memory (MB): peak = 1820.957 ; gain = 320.062 ; free physical = 3113 ; free virtual = 37054
---------------------------------------------------------------------------------
Synthesis finished with 0 errors, 0 critical warnings and 0 warnings.
Synthesis Optimization Runtime : Time (s): cpu = 00:00:12 ; elapsed = 00:00:14 . Memory (MB): peak = 1820.957 ; gain = 260.297 ; free physical = 3166 ; free virtual = 37107
Synthesis Optimization Complete : Time (s): cpu = 00:00:13 ; elapsed = 00:00:15 . Memory (MB): peak = 1820.965 ; gain = 320.062 ; free physical = 3180 ; free virtual = 37121
INFO: [Project 1-571] Translating synthesized netlist
INFO: [Project 1-570] Preparing netlist for logic optimization
INFO: [Opt 31-138] Pushed 0 inverter(s) to 0 load pin(s).
Netlist sorting complete. Time (s): cpu = 00:00:00 ; elapsed = 00:00:00 . Memory (MB): peak = 1832.863 ; gain = 0.000 ; free physical = 3115 ; free virtual = 37056
INFO: [Project 1-111] Unisim Transformation Summary:
No Unisim elements were transformed.

INFO: [Common 17-83] Releasing license: Synthesis
14 Infos, 100 Warnings, 101 Critical Warnings and 0 Errors encountered.
synth_design completed successfully
synth_design: Time (s): cpu = 00:00:17 ; elapsed = 00:00:19 . Memory (MB): peak = 1832.863 ; gain = 447.312 ; free physical = 3205 ; free virtual = 37146
Netlist sorting complete. Time (s): cpu = 00:00:00 ; elapsed = 00:00:00 . Memory (MB): peak = 1832.863 ; gain = 0.000 ; free physical = 3205 ; free virtual = 37146
WARNING: [Constraints 18-5210] No constraints selected for write.
Resolution: This message can indicate that there are no constraints for the design, or it can indicate that the used_in flags are set such that the constraints are ignored. This later case is used when running synth_design to not write synthesis constraints to the resulting checkpoint. Instead, project constraints are read when the synthesized design is opened.
INFO: [Common 17-1381] The checkpoint '/volsme/user1x/users/mi01a014/Bureau/TP1/TP1.runs/synth_1/and2.dcp' has been generated.
INFO: [runtcl-4] Executing : report_utilization -file and2_utilization_synth.rpt -pb and2_utilization_synth.pb
INFO: [Common 17-206] Exiting Vivado at Mon Sep 30 15:04:20 2019...
