
*** Running vivado
    with args -log feu.vds -m64 -product Vivado -mode batch -messageDb vivado.pb -notrace -source feu.tcl


****** Vivado v2019.1 (64-bit)
  **** SW Build 2552052 on Fri May 24 14:47:09 MDT 2019
  **** IP Build 2548770 on Fri May 24 18:01:18 MDT 2019
    ** Copyright 1986-2019 Xilinx, Inc. All Rights Reserved.

source feu.tcl -notrace
Command: synth_design -top feu -part xc7a35tcpg236-1
Starting synth_design
Attempting to get a license for feature 'Synthesis' and/or device 'xc7a35t'
INFO: [Common 17-349] Got license for feature 'Synthesis' and/or device 'xc7a35t'
INFO: [Device 21-403] Loading part xc7a35tcpg236-1
INFO: Launching helper process for spawning children vivado processes
INFO: Helper process launched with PID 16055 
---------------------------------------------------------------------------------
Starting RTL Elaboration : Time (s): cpu = 00:00:02 ; elapsed = 00:00:03 . Memory (MB): peak = 1652.039 ; gain = 153.719 ; free physical = 1351 ; free virtual = 34756
---------------------------------------------------------------------------------
INFO: [Synth 8-638] synthesizing module 'feu' [/volsme/user1x/users/mi01a014/Bureau/TP3/ex_2/ex_2.srcs/sources_1/new/non_reset.vhd:40]
INFO: [Synth 8-226] default block is never used [/volsme/user1x/users/mi01a014/Bureau/TP3/ex_2/ex_2.srcs/sources_1/new/non_reset.vhd:88]
INFO: [Synth 8-256] done synthesizing module 'feu' (1#1) [/volsme/user1x/users/mi01a014/Bureau/TP3/ex_2/ex_2.srcs/sources_1/new/non_reset.vhd:40]
WARNING: [Synth 8-3917] design feu has port LED_3_0[3] driven by constant 0
WARNING: [Synth 8-3917] design feu has port LED_7_4[3] driven by constant 0
---------------------------------------------------------------------------------
Finished RTL Elaboration : Time (s): cpu = 00:00:03 ; elapsed = 00:00:04 . Memory (MB): peak = 1705.789 ; gain = 207.469 ; free physical = 1377 ; free virtual = 34782
---------------------------------------------------------------------------------

Report Check Netlist: 
+------+------------------+-------+---------+-------+------------------+
|      |Item              |Errors |Warnings |Status |Description       |
+------+------------------+-------+---------+-------+------------------+
|1     |multi_driven_nets |      0|        0|Passed |Multi driven nets |
+------+------------------+-------+---------+-------+------------------+
---------------------------------------------------------------------------------
Start Handling Custom Attributes
---------------------------------------------------------------------------------
---------------------------------------------------------------------------------
Finished Handling Custom Attributes : Time (s): cpu = 00:00:03 ; elapsed = 00:00:04 . Memory (MB): peak = 1711.727 ; gain = 213.406 ; free physical = 1374 ; free virtual = 34779
---------------------------------------------------------------------------------
---------------------------------------------------------------------------------
Finished RTL Optimization Phase 1 : Time (s): cpu = 00:00:03 ; elapsed = 00:00:04 . Memory (MB): peak = 1711.727 ; gain = 213.406 ; free physical = 1374 ; free virtual = 34779
---------------------------------------------------------------------------------
INFO: [Project 1-570] Preparing netlist for logic optimization

Processing XDC Constraints
Initializing timing engine
Parsing XDC File [/volsme/user1x/users/mi01a014/Bureau/TP3/ex_2/ex_2.srcs/constrs_1/imports/TP3/mi01.xdc]
INFO: [Constraints 18-483] create_clock: no pin(s)/port(s)/net(s) specified as objects, only virtual clock 'virtclk' will be created. If you don't want this, please specify pin(s)/ports(s)/net(s) as objects to the command. [/volsme/user1x/users/mi01a014/Bureau/TP3/ex_2/ex_2.srcs/constrs_1/imports/TP3/mi01.xdc:10]
WARNING: [Vivado 12-584] No ports matched 'LED_1_0[0]'. [/volsme/user1x/users/mi01a014/Bureau/TP3/ex_2/ex_2.srcs/constrs_1/imports/TP3/mi01.xdc:18]
CRITICAL WARNING: [Common 17-55] 'set_property' expects at least one object. [/volsme/user1x/users/mi01a014/Bureau/TP3/ex_2/ex_2.srcs/constrs_1/imports/TP3/mi01.xdc:18]
Resolution: If [get_<value>] was used to populate the object, check to make sure this command returns at least one valid object.
WARNING: [Vivado 12-584] No ports matched 'LED_1_0[0]'. [/volsme/user1x/users/mi01a014/Bureau/TP3/ex_2/ex_2.srcs/constrs_1/imports/TP3/mi01.xdc:19]
CRITICAL WARNING: [Common 17-55] 'set_property' expects at least one object. [/volsme/user1x/users/mi01a014/Bureau/TP3/ex_2/ex_2.srcs/constrs_1/imports/TP3/mi01.xdc:19]
Resolution: If [get_<value>] was used to populate the object, check to make sure this command returns at least one valid object.
WARNING: [Vivado 12-584] No ports matched 'LED_1_0[1]'. [/volsme/user1x/users/mi01a014/Bureau/TP3/ex_2/ex_2.srcs/constrs_1/imports/TP3/mi01.xdc:20]
CRITICAL WARNING: [Common 17-55] 'set_property' expects at least one object. [/volsme/user1x/users/mi01a014/Bureau/TP3/ex_2/ex_2.srcs/constrs_1/imports/TP3/mi01.xdc:20]
Resolution: If [get_<value>] was used to populate the object, check to make sure this command returns at least one valid object.
WARNING: [Vivado 12-584] No ports matched 'LED_1_0[1]'. [/volsme/user1x/users/mi01a014/Bureau/TP3/ex_2/ex_2.srcs/constrs_1/imports/TP3/mi01.xdc:21]
CRITICAL WARNING: [Common 17-55] 'set_property' expects at least one object. [/volsme/user1x/users/mi01a014/Bureau/TP3/ex_2/ex_2.srcs/constrs_1/imports/TP3/mi01.xdc:21]
Resolution: If [get_<value>] was used to populate the object, check to make sure this command returns at least one valid object.
WARNING: [Vivado 12-584] No ports matched 'LED_3_2[0]'. [/volsme/user1x/users/mi01a014/Bureau/TP3/ex_2/ex_2.srcs/constrs_1/imports/TP3/mi01.xdc:24]
CRITICAL WARNING: [Common 17-55] 'set_property' expects at least one object. [/volsme/user1x/users/mi01a014/Bureau/TP3/ex_2/ex_2.srcs/constrs_1/imports/TP3/mi01.xdc:24]
Resolution: If [get_<value>] was used to populate the object, check to make sure this command returns at least one valid object.
WARNING: [Vivado 12-584] No ports matched 'LED_3_2[0]'. [/volsme/user1x/users/mi01a014/Bureau/TP3/ex_2/ex_2.srcs/constrs_1/imports/TP3/mi01.xdc:25]
CRITICAL WARNING: [Common 17-55] 'set_property' expects at least one object. [/volsme/user1x/users/mi01a014/Bureau/TP3/ex_2/ex_2.srcs/constrs_1/imports/TP3/mi01.xdc:25]
Resolution: If [get_<value>] was used to populate the object, check to make sure this command returns at least one valid object.
WARNING: [Vivado 12-584] No ports matched 'LED_3_2[1]'. [/volsme/user1x/users/mi01a014/Bureau/TP3/ex_2/ex_2.srcs/constrs_1/imports/TP3/mi01.xdc:26]
CRITICAL WARNING: [Common 17-55] 'set_property' expects at least one object. [/volsme/user1x/users/mi01a014/Bureau/TP3/ex_2/ex_2.srcs/constrs_1/imports/TP3/mi01.xdc:26]
Resolution: If [get_<value>] was used to populate the object, check to make sure this command returns at least one valid object.
WARNING: [Vivado 12-584] No ports matched 'LED_3_2[1]'. [/volsme/user1x/users/mi01a014/Bureau/TP3/ex_2/ex_2.srcs/constrs_1/imports/TP3/mi01.xdc:27]
CRITICAL WARNING: [Common 17-55] 'set_property' expects at least one object. [/volsme/user1x/users/mi01a014/Bureau/TP3/ex_2/ex_2.srcs/constrs_1/imports/TP3/mi01.xdc:27]
Resolution: If [get_<value>] was used to populate the object, check to make sure this command returns at least one valid object.
WARNING: [Vivado 12-584] No ports matched 'LED_5_4[0]'. [/volsme/user1x/users/mi01a014/Bureau/TP3/ex_2/ex_2.srcs/constrs_1/imports/TP3/mi01.xdc:30]
CRITICAL WARNING: [Common 17-55] 'set_property' expects at least one object. [/volsme/user1x/users/mi01a014/Bureau/TP3/ex_2/ex_2.srcs/constrs_1/imports/TP3/mi01.xdc:30]
Resolution: If [get_<value>] was used to populate the object, check to make sure this command returns at least one valid object.
WARNING: [Vivado 12-584] No ports matched 'LED_5_4[0]'. [/volsme/user1x/users/mi01a014/Bureau/TP3/ex_2/ex_2.srcs/constrs_1/imports/TP3/mi01.xdc:31]
CRITICAL WARNING: [Common 17-55] 'set_property' expects at least one object. [/volsme/user1x/users/mi01a014/Bureau/TP3/ex_2/ex_2.srcs/constrs_1/imports/TP3/mi01.xdc:31]
Resolution: If [get_<value>] was used to populate the object, check to make sure this command returns at least one valid object.
WARNING: [Vivado 12-584] No ports matched 'LED_5_4[1]'. [/volsme/user1x/users/mi01a014/Bureau/TP3/ex_2/ex_2.srcs/constrs_1/imports/TP3/mi01.xdc:32]
CRITICAL WARNING: [Common 17-55] 'set_property' expects at least one object. [/volsme/user1x/users/mi01a014/Bureau/TP3/ex_2/ex_2.srcs/constrs_1/imports/TP3/mi01.xdc:32]
Resolution: If [get_<value>] was used to populate the object, check to make sure this command returns at least one valid object.
WARNING: [Vivado 12-584] No ports matched 'LED_5_4[1]'. [/volsme/user1x/users/mi01a014/Bureau/TP3/ex_2/ex_2.srcs/constrs_1/imports/TP3/mi01.xdc:33]
CRITICAL WARNING: [Common 17-55] 'set_property' expects at least one object. [/volsme/user1x/users/mi01a014/Bureau/TP3/ex_2/ex_2.srcs/constrs_1/imports/TP3/mi01.xdc:33]
Resolution: If [get_<value>] was used to populate the object, check to make sure this command returns at least one valid object.
WARNING: [Vivado 12-584] No ports matched 'LED_7_6[0]'. [/volsme/user1x/users/mi01a014/Bureau/TP3/ex_2/ex_2.srcs/constrs_1/imports/TP3/mi01.xdc:36]
CRITICAL WARNING: [Common 17-55] 'set_property' expects at least one object. [/volsme/user1x/users/mi01a014/Bureau/TP3/ex_2/ex_2.srcs/constrs_1/imports/TP3/mi01.xdc:36]
Resolution: If [get_<value>] was used to populate the object, check to make sure this command returns at least one valid object.
WARNING: [Vivado 12-584] No ports matched 'LED_7_6[0]'. [/volsme/user1x/users/mi01a014/Bureau/TP3/ex_2/ex_2.srcs/constrs_1/imports/TP3/mi01.xdc:37]
CRITICAL WARNING: [Common 17-55] 'set_property' expects at least one object. [/volsme/user1x/users/mi01a014/Bureau/TP3/ex_2/ex_2.srcs/constrs_1/imports/TP3/mi01.xdc:37]
Resolution: If [get_<value>] was used to populate the object, check to make sure this command returns at least one valid object.
WARNING: [Vivado 12-584] No ports matched 'LED_7_6[1]'. [/volsme/user1x/users/mi01a014/Bureau/TP3/ex_2/ex_2.srcs/constrs_1/imports/TP3/mi01.xdc:38]
CRITICAL WARNING: [Common 17-55] 'set_property' expects at least one object. [/volsme/user1x/users/mi01a014/Bureau/TP3/ex_2/ex_2.srcs/constrs_1/imports/TP3/mi01.xdc:38]
Resolution: If [get_<value>] was used to populate the object, check to make sure this command returns at least one valid object.
WARNING: [Vivado 12-584] No ports matched 'LED_7_6[1]'. [/volsme/user1x/users/mi01a014/Bureau/TP3/ex_2/ex_2.srcs/constrs_1/imports/TP3/mi01.xdc:39]
CRITICAL WARNING: [Common 17-55] 'set_property' expects at least one object. [/volsme/user1x/users/mi01a014/Bureau/TP3/ex_2/ex_2.srcs/constrs_1/imports/TP3/mi01.xdc:39]
Resolution: If [get_<value>] was used to populate the object, check to make sure this command returns at least one valid object.
WARNING: [Vivado 12-584] No ports matched 'LED_9_8[0]'. [/volsme/user1x/users/mi01a014/Bureau/TP3/ex_2/ex_2.srcs/constrs_1/imports/TP3/mi01.xdc:42]
CRITICAL WARNING: [Common 17-55] 'set_property' expects at least one object. [/volsme/user1x/users/mi01a014/Bureau/TP3/ex_2/ex_2.srcs/constrs_1/imports/TP3/mi01.xdc:42]
Resolution: If [get_<value>] was used to populate the object, check to make sure this command returns at least one valid object.
WARNING: [Vivado 12-584] No ports matched 'LED_9_8[0]'. [/volsme/user1x/users/mi01a014/Bureau/TP3/ex_2/ex_2.srcs/constrs_1/imports/TP3/mi01.xdc:43]
CRITICAL WARNING: [Common 17-55] 'set_property' expects at least one object. [/volsme/user1x/users/mi01a014/Bureau/TP3/ex_2/ex_2.srcs/constrs_1/imports/TP3/mi01.xdc:43]
Resolution: If [get_<value>] was used to populate the object, check to make sure this command returns at least one valid object.
WARNING: [Vivado 12-584] No ports matched 'LED_9_8[1]'. [/volsme/user1x/users/mi01a014/Bureau/TP3/ex_2/ex_2.srcs/constrs_1/imports/TP3/mi01.xdc:44]
CRITICAL WARNING: [Common 17-55] 'set_property' expects at least one object. [/volsme/user1x/users/mi01a014/Bureau/TP3/ex_2/ex_2.srcs/constrs_1/imports/TP3/mi01.xdc:44]
Resolution: If [get_<value>] was used to populate the object, check to make sure this command returns at least one valid object.
WARNING: [Vivado 12-584] No ports matched 'LED_9_8[1]'. [/volsme/user1x/users/mi01a014/Bureau/TP3/ex_2/ex_2.srcs/constrs_1/imports/TP3/mi01.xdc:45]
CRITICAL WARNING: [Common 17-55] 'set_property' expects at least one object. [/volsme/user1x/users/mi01a014/Bureau/TP3/ex_2/ex_2.srcs/constrs_1/imports/TP3/mi01.xdc:45]
Resolution: If [get_<value>] was used to populate the object, check to make sure this command returns at least one valid object.
WARNING: [Vivado 12-584] No ports matched 'LED_11_10[0]'. [/volsme/user1x/users/mi01a014/Bureau/TP3/ex_2/ex_2.srcs/constrs_1/imports/TP3/mi01.xdc:48]
CRITICAL WARNING: [Common 17-55] 'set_property' expects at least one object. [/volsme/user1x/users/mi01a014/Bureau/TP3/ex_2/ex_2.srcs/constrs_1/imports/TP3/mi01.xdc:48]
Resolution: If [get_<value>] was used to populate the object, check to make sure this command returns at least one valid object.
WARNING: [Vivado 12-584] No ports matched 'LED_11_10[0]'. [/volsme/user1x/users/mi01a014/Bureau/TP3/ex_2/ex_2.srcs/constrs_1/imports/TP3/mi01.xdc:49]
CRITICAL WARNING: [Common 17-55] 'set_property' expects at least one object. [/volsme/user1x/users/mi01a014/Bureau/TP3/ex_2/ex_2.srcs/constrs_1/imports/TP3/mi01.xdc:49]
Resolution: If [get_<value>] was used to populate the object, check to make sure this command returns at least one valid object.
WARNING: [Vivado 12-584] No ports matched 'LED_11_10[1]'. [/volsme/user1x/users/mi01a014/Bureau/TP3/ex_2/ex_2.srcs/constrs_1/imports/TP3/mi01.xdc:50]
CRITICAL WARNING: [Common 17-55] 'set_property' expects at least one object. [/volsme/user1x/users/mi01a014/Bureau/TP3/ex_2/ex_2.srcs/constrs_1/imports/TP3/mi01.xdc:50]
Resolution: If [get_<value>] was used to populate the object, check to make sure this command returns at least one valid object.
WARNING: [Vivado 12-584] No ports matched 'LED_11_10[1]'. [/volsme/user1x/users/mi01a014/Bureau/TP3/ex_2/ex_2.srcs/constrs_1/imports/TP3/mi01.xdc:51]
CRITICAL WARNING: [Common 17-55] 'set_property' expects at least one object. [/volsme/user1x/users/mi01a014/Bureau/TP3/ex_2/ex_2.srcs/constrs_1/imports/TP3/mi01.xdc:51]
Resolution: If [get_<value>] was used to populate the object, check to make sure this command returns at least one valid object.
WARNING: [Vivado 12-584] No ports matched 'LED_13_12[0]'. [/volsme/user1x/users/mi01a014/Bureau/TP3/ex_2/ex_2.srcs/constrs_1/imports/TP3/mi01.xdc:54]
CRITICAL WARNING: [Common 17-55] 'set_property' expects at least one object. [/volsme/user1x/users/mi01a014/Bureau/TP3/ex_2/ex_2.srcs/constrs_1/imports/TP3/mi01.xdc:54]
Resolution: If [get_<value>] was used to populate the object, check to make sure this command returns at least one valid object.
WARNING: [Vivado 12-584] No ports matched 'LED_13_12[0]'. [/volsme/user1x/users/mi01a014/Bureau/TP3/ex_2/ex_2.srcs/constrs_1/imports/TP3/mi01.xdc:55]
CRITICAL WARNING: [Common 17-55] 'set_property' expects at least one object. [/volsme/user1x/users/mi01a014/Bureau/TP3/ex_2/ex_2.srcs/constrs_1/imports/TP3/mi01.xdc:55]
Resolution: If [get_<value>] was used to populate the object, check to make sure this command returns at least one valid object.
WARNING: [Vivado 12-584] No ports matched 'LED_13_12[1]'. [/volsme/user1x/users/mi01a014/Bureau/TP3/ex_2/ex_2.srcs/constrs_1/imports/TP3/mi01.xdc:56]
CRITICAL WARNING: [Common 17-55] 'set_property' expects at least one object. [/volsme/user1x/users/mi01a014/Bureau/TP3/ex_2/ex_2.srcs/constrs_1/imports/TP3/mi01.xdc:56]
Resolution: If [get_<value>] was used to populate the object, check to make sure this command returns at least one valid object.
WARNING: [Vivado 12-584] No ports matched 'LED_13_12[1]'. [/volsme/user1x/users/mi01a014/Bureau/TP3/ex_2/ex_2.srcs/constrs_1/imports/TP3/mi01.xdc:57]
CRITICAL WARNING: [Common 17-55] 'set_property' expects at least one object. [/volsme/user1x/users/mi01a014/Bureau/TP3/ex_2/ex_2.srcs/constrs_1/imports/TP3/mi01.xdc:57]
Resolution: If [get_<value>] was used to populate the object, check to make sure this command returns at least one valid object.
WARNING: [Vivado 12-584] No ports matched 'LED_15_14[0]'. [/volsme/user1x/users/mi01a014/Bureau/TP3/ex_2/ex_2.srcs/constrs_1/imports/TP3/mi01.xdc:60]
CRITICAL WARNING: [Common 17-55] 'set_property' expects at least one object. [/volsme/user1x/users/mi01a014/Bureau/TP3/ex_2/ex_2.srcs/constrs_1/imports/TP3/mi01.xdc:60]
Resolution: If [get_<value>] was used to populate the object, check to make sure this command returns at least one valid object.
WARNING: [Vivado 12-584] No ports matched 'LED_15_14[0]'. [/volsme/user1x/users/mi01a014/Bureau/TP3/ex_2/ex_2.srcs/constrs_1/imports/TP3/mi01.xdc:61]
CRITICAL WARNING: [Common 17-55] 'set_property' expects at least one object. [/volsme/user1x/users/mi01a014/Bureau/TP3/ex_2/ex_2.srcs/constrs_1/imports/TP3/mi01.xdc:61]
Resolution: If [get_<value>] was used to populate the object, check to make sure this command returns at least one valid object.
WARNING: [Vivado 12-584] No ports matched 'LED_15_14[1]'. [/volsme/user1x/users/mi01a014/Bureau/TP3/ex_2/ex_2.srcs/constrs_1/imports/TP3/mi01.xdc:62]
CRITICAL WARNING: [Common 17-55] 'set_property' expects at least one object. [/volsme/user1x/users/mi01a014/Bureau/TP3/ex_2/ex_2.srcs/constrs_1/imports/TP3/mi01.xdc:62]
Resolution: If [get_<value>] was used to populate the object, check to make sure this command returns at least one valid object.
WARNING: [Vivado 12-584] No ports matched 'LED_15_14[1]'. [/volsme/user1x/users/mi01a014/Bureau/TP3/ex_2/ex_2.srcs/constrs_1/imports/TP3/mi01.xdc:63]
CRITICAL WARNING: [Common 17-55] 'set_property' expects at least one object. [/volsme/user1x/users/mi01a014/Bureau/TP3/ex_2/ex_2.srcs/constrs_1/imports/TP3/mi01.xdc:63]
Resolution: If [get_<value>] was used to populate the object, check to make sure this command returns at least one valid object.
WARNING: [Vivado 12-584] No ports matched 'LED_11_8[0]'. [/volsme/user1x/users/mi01a014/Bureau/TP3/ex_2/ex_2.srcs/constrs_1/imports/TP3/mi01.xdc:86]
CRITICAL WARNING: [Common 17-55] 'set_property' expects at least one object. [/volsme/user1x/users/mi01a014/Bureau/TP3/ex_2/ex_2.srcs/constrs_1/imports/TP3/mi01.xdc:86]
Resolution: If [get_<value>] was used to populate the object, check to make sure this command returns at least one valid object.
WARNING: [Vivado 12-584] No ports matched 'LED_11_8[0]'. [/volsme/user1x/users/mi01a014/Bureau/TP3/ex_2/ex_2.srcs/constrs_1/imports/TP3/mi01.xdc:87]
CRITICAL WARNING: [Common 17-55] 'set_property' expects at least one object. [/volsme/user1x/users/mi01a014/Bureau/TP3/ex_2/ex_2.srcs/constrs_1/imports/TP3/mi01.xdc:87]
Resolution: If [get_<value>] was used to populate the object, check to make sure this command returns at least one valid object.
WARNING: [Vivado 12-584] No ports matched 'LED_11_8[1]'. [/volsme/user1x/users/mi01a014/Bureau/TP3/ex_2/ex_2.srcs/constrs_1/imports/TP3/mi01.xdc:88]
CRITICAL WARNING: [Common 17-55] 'set_property' expects at least one object. [/volsme/user1x/users/mi01a014/Bureau/TP3/ex_2/ex_2.srcs/constrs_1/imports/TP3/mi01.xdc:88]
Resolution: If [get_<value>] was used to populate the object, check to make sure this command returns at least one valid object.
WARNING: [Vivado 12-584] No ports matched 'LED_11_8[1]'. [/volsme/user1x/users/mi01a014/Bureau/TP3/ex_2/ex_2.srcs/constrs_1/imports/TP3/mi01.xdc:89]
CRITICAL WARNING: [Common 17-55] 'set_property' expects at least one object. [/volsme/user1x/users/mi01a014/Bureau/TP3/ex_2/ex_2.srcs/constrs_1/imports/TP3/mi01.xdc:89]
Resolution: If [get_<value>] was used to populate the object, check to make sure this command returns at least one valid object.
WARNING: [Vivado 12-584] No ports matched 'LED_11_8[2]'. [/volsme/user1x/users/mi01a014/Bureau/TP3/ex_2/ex_2.srcs/constrs_1/imports/TP3/mi01.xdc:90]
CRITICAL WARNING: [Common 17-55] 'set_property' expects at least one object. [/volsme/user1x/users/mi01a014/Bureau/TP3/ex_2/ex_2.srcs/constrs_1/imports/TP3/mi01.xdc:90]
Resolution: If [get_<value>] was used to populate the object, check to make sure this command returns at least one valid object.
WARNING: [Vivado 12-584] No ports matched 'LED_11_8[2]'. [/volsme/user1x/users/mi01a014/Bureau/TP3/ex_2/ex_2.srcs/constrs_1/imports/TP3/mi01.xdc:91]
CRITICAL WARNING: [Common 17-55] 'set_property' expects at least one object. [/volsme/user1x/users/mi01a014/Bureau/TP3/ex_2/ex_2.srcs/constrs_1/imports/TP3/mi01.xdc:91]
Resolution: If [get_<value>] was used to populate the object, check to make sure this command returns at least one valid object.
WARNING: [Vivado 12-584] No ports matched 'LED_11_8[3]'. [/volsme/user1x/users/mi01a014/Bureau/TP3/ex_2/ex_2.srcs/constrs_1/imports/TP3/mi01.xdc:92]
CRITICAL WARNING: [Common 17-55] 'set_property' expects at least one object. [/volsme/user1x/users/mi01a014/Bureau/TP3/ex_2/ex_2.srcs/constrs_1/imports/TP3/mi01.xdc:92]
Resolution: If [get_<value>] was used to populate the object, check to make sure this command returns at least one valid object.
WARNING: [Vivado 12-584] No ports matched 'LED_11_8[3]'. [/volsme/user1x/users/mi01a014/Bureau/TP3/ex_2/ex_2.srcs/constrs_1/imports/TP3/mi01.xdc:93]
CRITICAL WARNING: [Common 17-55] 'set_property' expects at least one object. [/volsme/user1x/users/mi01a014/Bureau/TP3/ex_2/ex_2.srcs/constrs_1/imports/TP3/mi01.xdc:93]
Resolution: If [get_<value>] was used to populate the object, check to make sure this command returns at least one valid object.
WARNING: [Vivado 12-584] No ports matched 'LED_15_12[0]'. [/volsme/user1x/users/mi01a014/Bureau/TP3/ex_2/ex_2.srcs/constrs_1/imports/TP3/mi01.xdc:96]
CRITICAL WARNING: [Common 17-55] 'set_property' expects at least one object. [/volsme/user1x/users/mi01a014/Bureau/TP3/ex_2/ex_2.srcs/constrs_1/imports/TP3/mi01.xdc:96]
Resolution: If [get_<value>] was used to populate the object, check to make sure this command returns at least one valid object.
WARNING: [Vivado 12-584] No ports matched 'LED_15_12[0]'. [/volsme/user1x/users/mi01a014/Bureau/TP3/ex_2/ex_2.srcs/constrs_1/imports/TP3/mi01.xdc:97]
CRITICAL WARNING: [Common 17-55] 'set_property' expects at least one object. [/volsme/user1x/users/mi01a014/Bureau/TP3/ex_2/ex_2.srcs/constrs_1/imports/TP3/mi01.xdc:97]
Resolution: If [get_<value>] was used to populate the object, check to make sure this command returns at least one valid object.
WARNING: [Vivado 12-584] No ports matched 'LED_15_12[1]'. [/volsme/user1x/users/mi01a014/Bureau/TP3/ex_2/ex_2.srcs/constrs_1/imports/TP3/mi01.xdc:98]
CRITICAL WARNING: [Common 17-55] 'set_property' expects at least one object. [/volsme/user1x/users/mi01a014/Bureau/TP3/ex_2/ex_2.srcs/constrs_1/imports/TP3/mi01.xdc:98]
Resolution: If [get_<value>] was used to populate the object, check to make sure this command returns at least one valid object.
WARNING: [Vivado 12-584] No ports matched 'LED_15_12[1]'. [/volsme/user1x/users/mi01a014/Bureau/TP3/ex_2/ex_2.srcs/constrs_1/imports/TP3/mi01.xdc:99]
CRITICAL WARNING: [Common 17-55] 'set_property' expects at least one object. [/volsme/user1x/users/mi01a014/Bureau/TP3/ex_2/ex_2.srcs/constrs_1/imports/TP3/mi01.xdc:99]
Resolution: If [get_<value>] was used to populate the object, check to make sure this command returns at least one valid object.
WARNING: [Vivado 12-584] No ports matched 'LED_15_12[2]'. [/volsme/user1x/users/mi01a014/Bureau/TP3/ex_2/ex_2.srcs/constrs_1/imports/TP3/mi01.xdc:100]
CRITICAL WARNING: [Common 17-55] 'set_property' expects at least one object. [/volsme/user1x/users/mi01a014/Bureau/TP3/ex_2/ex_2.srcs/constrs_1/imports/TP3/mi01.xdc:100]
Resolution: If [get_<value>] was used to populate the object, check to make sure this command returns at least one valid object.
WARNING: [Vivado 12-584] No ports matched 'LED_15_12[2]'. [/volsme/user1x/users/mi01a014/Bureau/TP3/ex_2/ex_2.srcs/constrs_1/imports/TP3/mi01.xdc:101]
CRITICAL WARNING: [Common 17-55] 'set_property' expects at least one object. [/volsme/user1x/users/mi01a014/Bureau/TP3/ex_2/ex_2.srcs/constrs_1/imports/TP3/mi01.xdc:101]
Resolution: If [get_<value>] was used to populate the object, check to make sure this command returns at least one valid object.
WARNING: [Vivado 12-584] No ports matched 'LED_15_12[3]'. [/volsme/user1x/users/mi01a014/Bureau/TP3/ex_2/ex_2.srcs/constrs_1/imports/TP3/mi01.xdc:102]
CRITICAL WARNING: [Common 17-55] 'set_property' expects at least one object. [/volsme/user1x/users/mi01a014/Bureau/TP3/ex_2/ex_2.srcs/constrs_1/imports/TP3/mi01.xdc:102]
Resolution: If [get_<value>] was used to populate the object, check to make sure this command returns at least one valid object.
WARNING: [Vivado 12-584] No ports matched 'LED_15_12[3]'. [/volsme/user1x/users/mi01a014/Bureau/TP3/ex_2/ex_2.srcs/constrs_1/imports/TP3/mi01.xdc:103]
CRITICAL WARNING: [Common 17-55] 'set_property' expects at least one object. [/volsme/user1x/users/mi01a014/Bureau/TP3/ex_2/ex_2.srcs/constrs_1/imports/TP3/mi01.xdc:103]
Resolution: If [get_<value>] was used to populate the object, check to make sure this command returns at least one valid object.
WARNING: [Vivado 12-584] No ports matched 'LED_7_0[0]'. [/volsme/user1x/users/mi01a014/Bureau/TP3/ex_2/ex_2.srcs/constrs_1/imports/TP3/mi01.xdc:106]
CRITICAL WARNING: [Common 17-55] 'set_property' expects at least one object. [/volsme/user1x/users/mi01a014/Bureau/TP3/ex_2/ex_2.srcs/constrs_1/imports/TP3/mi01.xdc:106]
Resolution: If [get_<value>] was used to populate the object, check to make sure this command returns at least one valid object.
WARNING: [Vivado 12-584] No ports matched 'LED_7_0[0]'. [/volsme/user1x/users/mi01a014/Bureau/TP3/ex_2/ex_2.srcs/constrs_1/imports/TP3/mi01.xdc:107]
CRITICAL WARNING: [Common 17-55] 'set_property' expects at least one object. [/volsme/user1x/users/mi01a014/Bureau/TP3/ex_2/ex_2.srcs/constrs_1/imports/TP3/mi01.xdc:107]
Resolution: If [get_<value>] was used to populate the object, check to make sure this command returns at least one valid object.
WARNING: [Vivado 12-584] No ports matched 'LED_7_0[1]'. [/volsme/user1x/users/mi01a014/Bureau/TP3/ex_2/ex_2.srcs/constrs_1/imports/TP3/mi01.xdc:108]
CRITICAL WARNING: [Common 17-55] 'set_property' expects at least one object. [/volsme/user1x/users/mi01a014/Bureau/TP3/ex_2/ex_2.srcs/constrs_1/imports/TP3/mi01.xdc:108]
Resolution: If [get_<value>] was used to populate the object, check to make sure this command returns at least one valid object.
WARNING: [Vivado 12-584] No ports matched 'LED_7_0[1]'. [/volsme/user1x/users/mi01a014/Bureau/TP3/ex_2/ex_2.srcs/constrs_1/imports/TP3/mi01.xdc:109]
CRITICAL WARNING: [Common 17-55] 'set_property' expects at least one object. [/volsme/user1x/users/mi01a014/Bureau/TP3/ex_2/ex_2.srcs/constrs_1/imports/TP3/mi01.xdc:109]
Resolution: If [get_<value>] was used to populate the object, check to make sure this command returns at least one valid object.
WARNING: [Vivado 12-584] No ports matched 'LED_7_0[2]'. [/volsme/user1x/users/mi01a014/Bureau/TP3/ex_2/ex_2.srcs/constrs_1/imports/TP3/mi01.xdc:110]
CRITICAL WARNING: [Common 17-55] 'set_property' expects at least one object. [/volsme/user1x/users/mi01a014/Bureau/TP3/ex_2/ex_2.srcs/constrs_1/imports/TP3/mi01.xdc:110]
Resolution: If [get_<value>] was used to populate the object, check to make sure this command returns at least one valid object.
WARNING: [Vivado 12-584] No ports matched 'LED_7_0[2]'. [/volsme/user1x/users/mi01a014/Bureau/TP3/ex_2/ex_2.srcs/constrs_1/imports/TP3/mi01.xdc:111]
CRITICAL WARNING: [Common 17-55] 'set_property' expects at least one object. [/volsme/user1x/users/mi01a014/Bureau/TP3/ex_2/ex_2.srcs/constrs_1/imports/TP3/mi01.xdc:111]
Resolution: If [get_<value>] was used to populate the object, check to make sure this command returns at least one valid object.
WARNING: [Vivado 12-584] No ports matched 'LED_7_0[3]'. [/volsme/user1x/users/mi01a014/Bureau/TP3/ex_2/ex_2.srcs/constrs_1/imports/TP3/mi01.xdc:112]
CRITICAL WARNING: [Common 17-55] 'set_property' expects at least one object. [/volsme/user1x/users/mi01a014/Bureau/TP3/ex_2/ex_2.srcs/constrs_1/imports/TP3/mi01.xdc:112]
Resolution: If [get_<value>] was used to populate the object, check to make sure this command returns at least one valid object.
WARNING: [Vivado 12-584] No ports matched 'LED_7_0[3]'. [/volsme/user1x/users/mi01a014/Bureau/TP3/ex_2/ex_2.srcs/constrs_1/imports/TP3/mi01.xdc:113]
CRITICAL WARNING: [Common 17-55] 'set_property' expects at least one object. [/volsme/user1x/users/mi01a014/Bureau/TP3/ex_2/ex_2.srcs/constrs_1/imports/TP3/mi01.xdc:113]
Resolution: If [get_<value>] was used to populate the object, check to make sure this command returns at least one valid object.
WARNING: [Vivado 12-584] No ports matched 'LED_7_0[4]'. [/volsme/user1x/users/mi01a014/Bureau/TP3/ex_2/ex_2.srcs/constrs_1/imports/TP3/mi01.xdc:114]
CRITICAL WARNING: [Common 17-55] 'set_property' expects at least one object. [/volsme/user1x/users/mi01a014/Bureau/TP3/ex_2/ex_2.srcs/constrs_1/imports/TP3/mi01.xdc:114]
Resolution: If [get_<value>] was used to populate the object, check to make sure this command returns at least one valid object.
WARNING: [Vivado 12-584] No ports matched 'LED_7_0[4]'. [/volsme/user1x/users/mi01a014/Bureau/TP3/ex_2/ex_2.srcs/constrs_1/imports/TP3/mi01.xdc:115]
CRITICAL WARNING: [Common 17-55] 'set_property' expects at least one object. [/volsme/user1x/users/mi01a014/Bureau/TP3/ex_2/ex_2.srcs/constrs_1/imports/TP3/mi01.xdc:115]
Resolution: If [get_<value>] was used to populate the object, check to make sure this command returns at least one valid object.
WARNING: [Vivado 12-584] No ports matched 'LED_7_0[5]'. [/volsme/user1x/users/mi01a014/Bureau/TP3/ex_2/ex_2.srcs/constrs_1/imports/TP3/mi01.xdc:116]
CRITICAL WARNING: [Common 17-55] 'set_property' expects at least one object. [/volsme/user1x/users/mi01a014/Bureau/TP3/ex_2/ex_2.srcs/constrs_1/imports/TP3/mi01.xdc:116]
Resolution: If [get_<value>] was used to populate the object, check to make sure this command returns at least one valid object.
WARNING: [Vivado 12-584] No ports matched 'LED_7_0[5]'. [/volsme/user1x/users/mi01a014/Bureau/TP3/ex_2/ex_2.srcs/constrs_1/imports/TP3/mi01.xdc:117]
CRITICAL WARNING: [Common 17-55] 'set_property' expects at least one object. [/volsme/user1x/users/mi01a014/Bureau/TP3/ex_2/ex_2.srcs/constrs_1/imports/TP3/mi01.xdc:117]
Resolution: If [get_<value>] was used to populate the object, check to make sure this command returns at least one valid object.
WARNING: [Vivado 12-584] No ports matched 'LED_7_0[6]'. [/volsme/user1x/users/mi01a014/Bureau/TP3/ex_2/ex_2.srcs/constrs_1/imports/TP3/mi01.xdc:118]
CRITICAL WARNING: [Common 17-55] 'set_property' expects at least one object. [/volsme/user1x/users/mi01a014/Bureau/TP3/ex_2/ex_2.srcs/constrs_1/imports/TP3/mi01.xdc:118]
Resolution: If [get_<value>] was used to populate the object, check to make sure this command returns at least one valid object.
WARNING: [Vivado 12-584] No ports matched 'LED_7_0[6]'. [/volsme/user1x/users/mi01a014/Bureau/TP3/ex_2/ex_2.srcs/constrs_1/imports/TP3/mi01.xdc:119]
CRITICAL WARNING: [Common 17-55] 'set_property' expects at least one object. [/volsme/user1x/users/mi01a014/Bureau/TP3/ex_2/ex_2.srcs/constrs_1/imports/TP3/mi01.xdc:119]
Resolution: If [get_<value>] was used to populate the object, check to make sure this command returns at least one valid object.
WARNING: [Vivado 12-584] No ports matched 'LED_7_0[7]'. [/volsme/user1x/users/mi01a014/Bureau/TP3/ex_2/ex_2.srcs/constrs_1/imports/TP3/mi01.xdc:120]
CRITICAL WARNING: [Common 17-55] 'set_property' expects at least one object. [/volsme/user1x/users/mi01a014/Bureau/TP3/ex_2/ex_2.srcs/constrs_1/imports/TP3/mi01.xdc:120]
Resolution: If [get_<value>] was used to populate the object, check to make sure this command returns at least one valid object.
WARNING: [Vivado 12-584] No ports matched 'LED_7_0[7]'. [/volsme/user1x/users/mi01a014/Bureau/TP3/ex_2/ex_2.srcs/constrs_1/imports/TP3/mi01.xdc:121]
CRITICAL WARNING: [Common 17-55] 'set_property' expects at least one object. [/volsme/user1x/users/mi01a014/Bureau/TP3/ex_2/ex_2.srcs/constrs_1/imports/TP3/mi01.xdc:121]
Resolution: If [get_<value>] was used to populate the object, check to make sure this command returns at least one valid object.
WARNING: [Vivado 12-584] No ports matched 'LED_15_8[0]'. [/volsme/user1x/users/mi01a014/Bureau/TP3/ex_2/ex_2.srcs/constrs_1/imports/TP3/mi01.xdc:124]
CRITICAL WARNING: [Common 17-55] 'set_property' expects at least one object. [/volsme/user1x/users/mi01a014/Bureau/TP3/ex_2/ex_2.srcs/constrs_1/imports/TP3/mi01.xdc:124]
Resolution: If [get_<value>] was used to populate the object, check to make sure this command returns at least one valid object.
WARNING: [Vivado 12-584] No ports matched 'LED_15_8[0]'. [/volsme/user1x/users/mi01a014/Bureau/TP3/ex_2/ex_2.srcs/constrs_1/imports/TP3/mi01.xdc:125]
CRITICAL WARNING: [Common 17-55] 'set_property' expects at least one object. [/volsme/user1x/users/mi01a014/Bureau/TP3/ex_2/ex_2.srcs/constrs_1/imports/TP3/mi01.xdc:125]
Resolution: If [get_<value>] was used to populate the object, check to make sure this command returns at least one valid object.
WARNING: [Vivado 12-584] No ports matched 'LED_15_8[1]'. [/volsme/user1x/users/mi01a014/Bureau/TP3/ex_2/ex_2.srcs/constrs_1/imports/TP3/mi01.xdc:126]
CRITICAL WARNING: [Common 17-55] 'set_property' expects at least one object. [/volsme/user1x/users/mi01a014/Bureau/TP3/ex_2/ex_2.srcs/constrs_1/imports/TP3/mi01.xdc:126]
Resolution: If [get_<value>] was used to populate the object, check to make sure this command returns at least one valid object.
WARNING: [Vivado 12-584] No ports matched 'LED_15_8[1]'. [/volsme/user1x/users/mi01a014/Bureau/TP3/ex_2/ex_2.srcs/constrs_1/imports/TP3/mi01.xdc:127]
CRITICAL WARNING: [Common 17-55] 'set_property' expects at least one object. [/volsme/user1x/users/mi01a014/Bureau/TP3/ex_2/ex_2.srcs/constrs_1/imports/TP3/mi01.xdc:127]
Resolution: If [get_<value>] was used to populate the object, check to make sure this command returns at least one valid object.
WARNING: [Vivado 12-584] No ports matched 'LED_15_8[2]'. [/volsme/user1x/users/mi01a014/Bureau/TP3/ex_2/ex_2.srcs/constrs_1/imports/TP3/mi01.xdc:128]
CRITICAL WARNING: [Common 17-55] 'set_property' expects at least one object. [/volsme/user1x/users/mi01a014/Bureau/TP3/ex_2/ex_2.srcs/constrs_1/imports/TP3/mi01.xdc:128]
Resolution: If [get_<value>] was used to populate the object, check to make sure this command returns at least one valid object.
WARNING: [Vivado 12-584] No ports matched 'LED_15_8[2]'. [/volsme/user1x/users/mi01a014/Bureau/TP3/ex_2/ex_2.srcs/constrs_1/imports/TP3/mi01.xdc:129]
CRITICAL WARNING: [Common 17-55] 'set_property' expects at least one object. [/volsme/user1x/users/mi01a014/Bureau/TP3/ex_2/ex_2.srcs/constrs_1/imports/TP3/mi01.xdc:129]
Resolution: If [get_<value>] was used to populate the object, check to make sure this command returns at least one valid object.
WARNING: [Vivado 12-584] No ports matched 'LED_15_8[3]'. [/volsme/user1x/users/mi01a014/Bureau/TP3/ex_2/ex_2.srcs/constrs_1/imports/TP3/mi01.xdc:130]
CRITICAL WARNING: [Common 17-55] 'set_property' expects at least one object. [/volsme/user1x/users/mi01a014/Bureau/TP3/ex_2/ex_2.srcs/constrs_1/imports/TP3/mi01.xdc:130]
Resolution: If [get_<value>] was used to populate the object, check to make sure this command returns at least one valid object.
WARNING: [Vivado 12-584] No ports matched 'LED_15_8[3]'. [/volsme/user1x/users/mi01a014/Bureau/TP3/ex_2/ex_2.srcs/constrs_1/imports/TP3/mi01.xdc:131]
CRITICAL WARNING: [Common 17-55] 'set_property' expects at least one object. [/volsme/user1x/users/mi01a014/Bureau/TP3/ex_2/ex_2.srcs/constrs_1/imports/TP3/mi01.xdc:131]
Resolution: If [get_<value>] was used to populate the object, check to make sure this command returns at least one valid object.
WARNING: [Vivado 12-584] No ports matched 'LED_15_8[4]'. [/volsme/user1x/users/mi01a014/Bureau/TP3/ex_2/ex_2.srcs/constrs_1/imports/TP3/mi01.xdc:132]
CRITICAL WARNING: [Common 17-55] 'set_property' expects at least one object. [/volsme/user1x/users/mi01a014/Bureau/TP3/ex_2/ex_2.srcs/constrs_1/imports/TP3/mi01.xdc:132]
Resolution: If [get_<value>] was used to populate the object, check to make sure this command returns at least one valid object.
WARNING: [Vivado 12-584] No ports matched 'LED_15_8[4]'. [/volsme/user1x/users/mi01a014/Bureau/TP3/ex_2/ex_2.srcs/constrs_1/imports/TP3/mi01.xdc:133]
CRITICAL WARNING: [Common 17-55] 'set_property' expects at least one object. [/volsme/user1x/users/mi01a014/Bureau/TP3/ex_2/ex_2.srcs/constrs_1/imports/TP3/mi01.xdc:133]
Resolution: If [get_<value>] was used to populate the object, check to make sure this command returns at least one valid object.
WARNING: [Vivado 12-584] No ports matched 'LED_15_8[5]'. [/volsme/user1x/users/mi01a014/Bureau/TP3/ex_2/ex_2.srcs/constrs_1/imports/TP3/mi01.xdc:134]
CRITICAL WARNING: [Common 17-55] 'set_property' expects at least one object. [/volsme/user1x/users/mi01a014/Bureau/TP3/ex_2/ex_2.srcs/constrs_1/imports/TP3/mi01.xdc:134]
Resolution: If [get_<value>] was used to populate the object, check to make sure this command returns at least one valid object.
WARNING: [Vivado 12-584] No ports matched 'LED_15_8[5]'. [/volsme/user1x/users/mi01a014/Bureau/TP3/ex_2/ex_2.srcs/constrs_1/imports/TP3/mi01.xdc:135]
CRITICAL WARNING: [Common 17-55] 'set_property' expects at least one object. [/volsme/user1x/users/mi01a014/Bureau/TP3/ex_2/ex_2.srcs/constrs_1/imports/TP3/mi01.xdc:135]
Resolution: If [get_<value>] was used to populate the object, check to make sure this command returns at least one valid object.
WARNING: [Vivado 12-584] No ports matched 'LED_15_8[6]'. [/volsme/user1x/users/mi01a014/Bureau/TP3/ex_2/ex_2.srcs/constrs_1/imports/TP3/mi01.xdc:136]
CRITICAL WARNING: [Common 17-55] 'set_property' expects at least one object. [/volsme/user1x/users/mi01a014/Bureau/TP3/ex_2/ex_2.srcs/constrs_1/imports/TP3/mi01.xdc:136]
Resolution: If [get_<value>] was used to populate the object, check to make sure this command returns at least one valid object.
WARNING: [Vivado 12-584] No ports matched 'LED_15_8[6]'. [/volsme/user1x/users/mi01a014/Bureau/TP3/ex_2/ex_2.srcs/constrs_1/imports/TP3/mi01.xdc:137]
CRITICAL WARNING: [Common 17-55] 'set_property' expects at least one object. [/volsme/user1x/users/mi01a014/Bureau/TP3/ex_2/ex_2.srcs/constrs_1/imports/TP3/mi01.xdc:137]
Resolution: If [get_<value>] was used to populate the object, check to make sure this command returns at least one valid object.
WARNING: [Vivado 12-584] No ports matched 'LED_15_8[7]'. [/volsme/user1x/users/mi01a014/Bureau/TP3/ex_2/ex_2.srcs/constrs_1/imports/TP3/mi01.xdc:138]
CRITICAL WARNING: [Common 17-55] 'set_property' expects at least one object. [/volsme/user1x/users/mi01a014/Bureau/TP3/ex_2/ex_2.srcs/constrs_1/imports/TP3/mi01.xdc:138]
Resolution: If [get_<value>] was used to populate the object, check to make sure this command returns at least one valid object.
WARNING: [Vivado 12-584] No ports matched 'LED_15_8[7]'. [/volsme/user1x/users/mi01a014/Bureau/TP3/ex_2/ex_2.srcs/constrs_1/imports/TP3/mi01.xdc:139]
CRITICAL WARNING: [Common 17-55] 'set_property' expects at least one object. [/volsme/user1x/users/mi01a014/Bureau/TP3/ex_2/ex_2.srcs/constrs_1/imports/TP3/mi01.xdc:139]
Resolution: If [get_<value>] was used to populate the object, check to make sure this command returns at least one valid object.
WARNING: [Vivado 12-584] No ports matched 'LED[0]'. [/volsme/user1x/users/mi01a014/Bureau/TP3/ex_2/ex_2.srcs/constrs_1/imports/TP3/mi01.xdc:142]
CRITICAL WARNING: [Common 17-55] 'set_property' expects at least one object. [/volsme/user1x/users/mi01a014/Bureau/TP3/ex_2/ex_2.srcs/constrs_1/imports/TP3/mi01.xdc:142]
Resolution: If [get_<value>] was used to populate the object, check to make sure this command returns at least one valid object.
WARNING: [Vivado 12-584] No ports matched 'LED[0]'. [/volsme/user1x/users/mi01a014/Bureau/TP3/ex_2/ex_2.srcs/constrs_1/imports/TP3/mi01.xdc:143]
CRITICAL WARNING: [Common 17-55] 'set_property' expects at least one object. [/volsme/user1x/users/mi01a014/Bureau/TP3/ex_2/ex_2.srcs/constrs_1/imports/TP3/mi01.xdc:143]
Resolution: If [get_<value>] was used to populate the object, check to make sure this command returns at least one valid object.
WARNING: [Vivado 12-584] No ports matched 'LED[1]'. [/volsme/user1x/users/mi01a014/Bureau/TP3/ex_2/ex_2.srcs/constrs_1/imports/TP3/mi01.xdc:144]
CRITICAL WARNING: [Common 17-55] 'set_property' expects at least one object. [/volsme/user1x/users/mi01a014/Bureau/TP3/ex_2/ex_2.srcs/constrs_1/imports/TP3/mi01.xdc:144]
Resolution: If [get_<value>] was used to populate the object, check to make sure this command returns at least one valid object.
WARNING: [Vivado 12-584] No ports matched 'LED[1]'. [/volsme/user1x/users/mi01a014/Bureau/TP3/ex_2/ex_2.srcs/constrs_1/imports/TP3/mi01.xdc:145]
CRITICAL WARNING: [Common 17-55] 'set_property' expects at least one object. [/volsme/user1x/users/mi01a014/Bureau/TP3/ex_2/ex_2.srcs/constrs_1/imports/TP3/mi01.xdc:145]
Resolution: If [get_<value>] was used to populate the object, check to make sure this command returns at least one valid object.
WARNING: [Vivado 12-584] No ports matched 'LED[2]'. [/volsme/user1x/users/mi01a014/Bureau/TP3/ex_2/ex_2.srcs/constrs_1/imports/TP3/mi01.xdc:146]
CRITICAL WARNING: [Common 17-55] 'set_property' expects at least one object. [/volsme/user1x/users/mi01a014/Bureau/TP3/ex_2/ex_2.srcs/constrs_1/imports/TP3/mi01.xdc:146]
Resolution: If [get_<value>] was used to populate the object, check to make sure this command returns at least one valid object.
WARNING: [Vivado 12-584] No ports matched 'LED[2]'. [/volsme/user1x/users/mi01a014/Bureau/TP3/ex_2/ex_2.srcs/constrs_1/imports/TP3/mi01.xdc:147]
CRITICAL WARNING: [Common 17-55] 'set_property' expects at least one object. [/volsme/user1x/users/mi01a014/Bureau/TP3/ex_2/ex_2.srcs/constrs_1/imports/TP3/mi01.xdc:147]
Resolution: If [get_<value>] was used to populate the object, check to make sure this command returns at least one valid object.
WARNING: [Vivado 12-584] No ports matched 'LED[3]'. [/volsme/user1x/users/mi01a014/Bureau/TP3/ex_2/ex_2.srcs/constrs_1/imports/TP3/mi01.xdc:148]
CRITICAL WARNING: [Common 17-55] 'set_property' expects at least one object. [/volsme/user1x/users/mi01a014/Bureau/TP3/ex_2/ex_2.srcs/constrs_1/imports/TP3/mi01.xdc:148]
Resolution: If [get_<value>] was used to populate the object, check to make sure this command returns at least one valid object.
WARNING: [Vivado 12-584] No ports matched 'LED[3]'. [/volsme/user1x/users/mi01a014/Bureau/TP3/ex_2/ex_2.srcs/constrs_1/imports/TP3/mi01.xdc:149]
CRITICAL WARNING: [Common 17-55] 'set_property' expects at least one object. [/volsme/user1x/users/mi01a014/Bureau/TP3/ex_2/ex_2.srcs/constrs_1/imports/TP3/mi01.xdc:149]
Resolution: If [get_<value>] was used to populate the object, check to make sure this command returns at least one valid object.
WARNING: [Vivado 12-584] No ports matched 'LED[4]'. [/volsme/user1x/users/mi01a014/Bureau/TP3/ex_2/ex_2.srcs/constrs_1/imports/TP3/mi01.xdc:150]
CRITICAL WARNING: [Common 17-55] 'set_property' expects at least one object. [/volsme/user1x/users/mi01a014/Bureau/TP3/ex_2/ex_2.srcs/constrs_1/imports/TP3/mi01.xdc:150]
Resolution: If [get_<value>] was used to populate the object, check to make sure this command returns at least one valid object.
WARNING: [Vivado 12-584] No ports matched 'LED[4]'. [/volsme/user1x/users/mi01a014/Bureau/TP3/ex_2/ex_2.srcs/constrs_1/imports/TP3/mi01.xdc:151]
CRITICAL WARNING: [Common 17-55] 'set_property' expects at least one object. [/volsme/user1x/users/mi01a014/Bureau/TP3/ex_2/ex_2.srcs/constrs_1/imports/TP3/mi01.xdc:151]
Resolution: If [get_<value>] was used to populate the object, check to make sure this command returns at least one valid object.
WARNING: [Vivado 12-584] No ports matched 'LED[5]'. [/volsme/user1x/users/mi01a014/Bureau/TP3/ex_2/ex_2.srcs/constrs_1/imports/TP3/mi01.xdc:152]
CRITICAL WARNING: [Common 17-55] 'set_property' expects at least one object. [/volsme/user1x/users/mi01a014/Bureau/TP3/ex_2/ex_2.srcs/constrs_1/imports/TP3/mi01.xdc:152]
Resolution: If [get_<value>] was used to populate the object, check to make sure this command returns at least one valid object.
WARNING: [Vivado 12-584] No ports matched 'LED[5]'. [/volsme/user1x/users/mi01a014/Bureau/TP3/ex_2/ex_2.srcs/constrs_1/imports/TP3/mi01.xdc:153]
CRITICAL WARNING: [Common 17-55] 'set_property' expects at least one object. [/volsme/user1x/users/mi01a014/Bureau/TP3/ex_2/ex_2.srcs/constrs_1/imports/TP3/mi01.xdc:153]
Resolution: If [get_<value>] was used to populate the object, check to make sure this command returns at least one valid object.
WARNING: [Vivado 12-584] No ports matched 'LED[6]'. [/volsme/user1x/users/mi01a014/Bureau/TP3/ex_2/ex_2.srcs/constrs_1/imports/TP3/mi01.xdc:154]
CRITICAL WARNING: [Common 17-55] 'set_property' expects at least one object. [/volsme/user1x/users/mi01a014/Bureau/TP3/ex_2/ex_2.srcs/constrs_1/imports/TP3/mi01.xdc:154]
Resolution: If [get_<value>] was used to populate the object, check to make sure this command returns at least one valid object.
WARNING: [Vivado 12-584] No ports matched 'LED[6]'. [/volsme/user1x/users/mi01a014/Bureau/TP3/ex_2/ex_2.srcs/constrs_1/imports/TP3/mi01.xdc:155]
CRITICAL WARNING: [Common 17-55] 'set_property' expects at least one object. [/volsme/user1x/users/mi01a014/Bureau/TP3/ex_2/ex_2.srcs/constrs_1/imports/TP3/mi01.xdc:155]
Resolution: If [get_<value>] was used to populate the object, check to make sure this command returns at least one valid object.
WARNING: [Vivado 12-584] No ports matched 'LED[7]'. [/volsme/user1x/users/mi01a014/Bureau/TP3/ex_2/ex_2.srcs/constrs_1/imports/TP3/mi01.xdc:156]
CRITICAL WARNING: [Common 17-55] 'set_property' expects at least one object. [/volsme/user1x/users/mi01a014/Bureau/TP3/ex_2/ex_2.srcs/constrs_1/imports/TP3/mi01.xdc:156]
Resolution: If [get_<value>] was used to populate the object, check to make sure this command returns at least one valid object.
WARNING: [Vivado 12-584] No ports matched 'LED[7]'. [/volsme/user1x/users/mi01a014/Bureau/TP3/ex_2/ex_2.srcs/constrs_1/imports/TP3/mi01.xdc:157]
CRITICAL WARNING: [Common 17-55] 'set_property' expects at least one object. [/volsme/user1x/users/mi01a014/Bureau/TP3/ex_2/ex_2.srcs/constrs_1/imports/TP3/mi01.xdc:157]
Resolution: If [get_<value>] was used to populate the object, check to make sure this command returns at least one valid object.
WARNING: [Vivado 12-584] No ports matched 'LED[8]'. [/volsme/user1x/users/mi01a014/Bureau/TP3/ex_2/ex_2.srcs/constrs_1/imports/TP3/mi01.xdc:158]
CRITICAL WARNING: [Common 17-55] 'set_property' expects at least one object. [/volsme/user1x/users/mi01a014/Bureau/TP3/ex_2/ex_2.srcs/constrs_1/imports/TP3/mi01.xdc:158]
Resolution: If [get_<value>] was used to populate the object, check to make sure this command returns at least one valid object.
WARNING: [Vivado 12-584] No ports matched 'LED[8]'. [/volsme/user1x/users/mi01a014/Bureau/TP3/ex_2/ex_2.srcs/constrs_1/imports/TP3/mi01.xdc:159]
CRITICAL WARNING: [Common 17-55] 'set_property' expects at least one object. [/volsme/user1x/users/mi01a014/Bureau/TP3/ex_2/ex_2.srcs/constrs_1/imports/TP3/mi01.xdc:159]
Resolution: If [get_<value>] was used to populate the object, check to make sure this command returns at least one valid object.
WARNING: [Vivado 12-584] No ports matched 'LED[9]'. [/volsme/user1x/users/mi01a014/Bureau/TP3/ex_2/ex_2.srcs/constrs_1/imports/TP3/mi01.xdc:160]
CRITICAL WARNING: [Common 17-55] 'set_property' expects at least one object. [/volsme/user1x/users/mi01a014/Bureau/TP3/ex_2/ex_2.srcs/constrs_1/imports/TP3/mi01.xdc:160]
Resolution: If [get_<value>] was used to populate the object, check to make sure this command returns at least one valid object.
WARNING: [Vivado 12-584] No ports matched 'LED[9]'. [/volsme/user1x/users/mi01a014/Bureau/TP3/ex_2/ex_2.srcs/constrs_1/imports/TP3/mi01.xdc:161]
INFO: [Common 17-14] Message 'Vivado 12-584' appears 100 times and further instances of the messages will be disabled. Use the Tcl command set_msg_config to change the current settings. [/volsme/user1x/users/mi01a014/Bureau/TP3/ex_2/ex_2.srcs/constrs_1/imports/TP3/mi01.xdc:161]
CRITICAL WARNING: [Common 17-55] 'set_property' expects at least one object. [/volsme/user1x/users/mi01a014/Bureau/TP3/ex_2/ex_2.srcs/constrs_1/imports/TP3/mi01.xdc:161]
Resolution: If [get_<value>] was used to populate the object, check to make sure this command returns at least one valid object.
WARNING: [Vivado 12-507] No nets matched 'BTN_IBUF[0]'. [/volsme/user1x/users/mi01a014/Bureau/TP3/ex_2/ex_2.srcs/constrs_1/imports/TP3/mi01.xdc:405]
WARNING: [Vivado 12-507] No nets matched 'BTN_IBUF[1]'. [/volsme/user1x/users/mi01a014/Bureau/TP3/ex_2/ex_2.srcs/constrs_1/imports/TP3/mi01.xdc:408]
WARNING: [Vivado 12-507] No nets matched 'BTN_IBUF[2]'. [/volsme/user1x/users/mi01a014/Bureau/TP3/ex_2/ex_2.srcs/constrs_1/imports/TP3/mi01.xdc:411]
WARNING: [Vivado 12-507] No nets matched 'BTN_IBUF[3]'. [/volsme/user1x/users/mi01a014/Bureau/TP3/ex_2/ex_2.srcs/constrs_1/imports/TP3/mi01.xdc:414]
WARNING: [Vivado 12-507] No nets matched 'BTN_IBUF[4]'. [/volsme/user1x/users/mi01a014/Bureau/TP3/ex_2/ex_2.srcs/constrs_1/imports/TP3/mi01.xdc:417]
WARNING: [Vivado 12-507] No nets matched 'BTN_C_IBUF'. [/volsme/user1x/users/mi01a014/Bureau/TP3/ex_2/ex_2.srcs/constrs_1/imports/TP3/mi01.xdc:422]
WARNING: [Vivado 12-507] No nets matched 'BTN_H_IBUF'. [/volsme/user1x/users/mi01a014/Bureau/TP3/ex_2/ex_2.srcs/constrs_1/imports/TP3/mi01.xdc:427]
WARNING: [Vivado 12-507] No nets matched 'BTN_B_IBUF'. [/volsme/user1x/users/mi01a014/Bureau/TP3/ex_2/ex_2.srcs/constrs_1/imports/TP3/mi01.xdc:432]
WARNING: [Vivado 12-507] No nets matched 'BTN_G_IBUF'. [/volsme/user1x/users/mi01a014/Bureau/TP3/ex_2/ex_2.srcs/constrs_1/imports/TP3/mi01.xdc:437]
WARNING: [Vivado 12-507] No nets matched 'BTN_D_IBUF'. [/volsme/user1x/users/mi01a014/Bureau/TP3/ex_2/ex_2.srcs/constrs_1/imports/TP3/mi01.xdc:442]
Finished Parsing XDC File [/volsme/user1x/users/mi01a014/Bureau/TP3/ex_2/ex_2.srcs/constrs_1/imports/TP3/mi01.xdc]
INFO: [Project 1-236] Implementation specific constraints were found while reading constraint file [/volsme/user1x/users/mi01a014/Bureau/TP3/ex_2/ex_2.srcs/constrs_1/imports/TP3/mi01.xdc]. These constraints will be ignored for synthesis but will be used in implementation. Impacted constraints are listed in the file [.Xil/feu_propImpl.xdc].
Resolution: To avoid this warning, move constraints listed in [.Xil/feu_propImpl.xdc] to another XDC file and exclude this new file from synthesis with the used_in_synthesis property (File Properties dialog in GUI) and re-run elaboration/synthesis.
Completed Processing XDC Constraints

Netlist sorting complete. Time (s): cpu = 00:00:00 ; elapsed = 00:00:00 . Memory (MB): peak = 1831.398 ; gain = 0.000 ; free physical = 1277 ; free virtual = 34682
INFO: [Project 1-111] Unisim Transformation Summary:
No Unisim elements were transformed.

Constraint Validation Runtime : Time (s): cpu = 00:00:00 ; elapsed = 00:00:00 . Memory (MB): peak = 1831.398 ; gain = 0.000 ; free physical = 1277 ; free virtual = 34682
---------------------------------------------------------------------------------
Finished Constraint Validation : Time (s): cpu = 00:00:07 ; elapsed = 00:00:09 . Memory (MB): peak = 1831.398 ; gain = 333.078 ; free physical = 1344 ; free virtual = 34749
---------------------------------------------------------------------------------
---------------------------------------------------------------------------------
Start Loading Part and Timing Information
---------------------------------------------------------------------------------
Loading part: xc7a35tcpg236-1
---------------------------------------------------------------------------------
Finished Loading Part and Timing Information : Time (s): cpu = 00:00:07 ; elapsed = 00:00:09 . Memory (MB): peak = 1831.398 ; gain = 333.078 ; free physical = 1344 ; free virtual = 34749
---------------------------------------------------------------------------------
---------------------------------------------------------------------------------
Start Applying 'set_property' XDC Constraints
---------------------------------------------------------------------------------
---------------------------------------------------------------------------------
Finished applying 'set_property' XDC Constraints : Time (s): cpu = 00:00:07 ; elapsed = 00:00:09 . Memory (MB): peak = 1831.398 ; gain = 333.078 ; free physical = 1346 ; free virtual = 34751
---------------------------------------------------------------------------------
---------------------------------------------------------------------------------
Finished RTL Optimization Phase 2 : Time (s): cpu = 00:00:08 ; elapsed = 00:00:10 . Memory (MB): peak = 1831.398 ; gain = 333.078 ; free physical = 1338 ; free virtual = 34743
---------------------------------------------------------------------------------

Report RTL Partitions: 
+-+--------------+------------+----------+
| |RTL Partition |Replication |Instances |
+-+--------------+------------+----------+
+-+--------------+------------+----------+
---------------------------------------------------------------------------------
Start RTL Component Statistics 
---------------------------------------------------------------------------------
Detailed RTL Component Info : 
+---Adders : 
	   2 Input     27 Bit       Adders := 1     
	   2 Input      5 Bit       Adders := 1     
+---Registers : 
	                5 Bit    Registers := 1     
	                2 Bit    Registers := 1     
	                1 Bit    Registers := 1     
+---Muxes : 
	   2 Input     27 Bit        Muxes := 1     
	   2 Input      5 Bit        Muxes := 3     
	   4 Input      3 Bit        Muxes := 2     
	   2 Input      2 Bit        Muxes := 3     
	   2 Input      1 Bit        Muxes := 3     
---------------------------------------------------------------------------------
Finished RTL Component Statistics 
---------------------------------------------------------------------------------
---------------------------------------------------------------------------------
Start RTL Hierarchical Component Statistics 
---------------------------------------------------------------------------------
Hierarchical RTL Component report 
Module feu 
Detailed RTL Component Info : 
+---Adders : 
	   2 Input     27 Bit       Adders := 1     
	   2 Input      5 Bit       Adders := 1     
+---Registers : 
	                5 Bit    Registers := 1     
	                2 Bit    Registers := 1     
	                1 Bit    Registers := 1     
+---Muxes : 
	   2 Input     27 Bit        Muxes := 1     
	   2 Input      5 Bit        Muxes := 3     
	   4 Input      3 Bit        Muxes := 2     
	   2 Input      2 Bit        Muxes := 3     
	   2 Input      1 Bit        Muxes := 3     
---------------------------------------------------------------------------------
Finished RTL Hierarchical Component Statistics
---------------------------------------------------------------------------------
---------------------------------------------------------------------------------
Start Part Resource Summary
---------------------------------------------------------------------------------
Part Resources:
DSPs: 90 (col length:60)
BRAMs: 100 (col length: RAMB18 60 RAMB36 30)
---------------------------------------------------------------------------------
Finished Part Resource Summary
---------------------------------------------------------------------------------
---------------------------------------------------------------------------------
Start Cross Boundary and Area Optimization
---------------------------------------------------------------------------------
Warning: Parallel synthesis criteria is not met 
WARNING: [Synth 8-3917] design feu has port LED_3_0[3] driven by constant 0
WARNING: [Synth 8-3917] design feu has port LED_7_4[3] driven by constant 0
---------------------------------------------------------------------------------
Finished Cross Boundary and Area Optimization : Time (s): cpu = 00:00:08 ; elapsed = 00:00:10 . Memory (MB): peak = 1831.398 ; gain = 333.078 ; free physical = 1326 ; free virtual = 34734
---------------------------------------------------------------------------------

Report RTL Partitions: 
+-+--------------+------------+----------+
| |RTL Partition |Replication |Instances |
+-+--------------+------------+----------+
+-+--------------+------------+----------+
---------------------------------------------------------------------------------
Start Applying XDC Timing Constraints
---------------------------------------------------------------------------------
---------------------------------------------------------------------------------
Finished Applying XDC Timing Constraints : Time (s): cpu = 00:00:13 ; elapsed = 00:00:15 . Memory (MB): peak = 1831.398 ; gain = 333.078 ; free physical = 1207 ; free virtual = 34615
---------------------------------------------------------------------------------
---------------------------------------------------------------------------------
Start Timing Optimization
---------------------------------------------------------------------------------
---------------------------------------------------------------------------------
Finished Timing Optimization : Time (s): cpu = 00:00:13 ; elapsed = 00:00:15 . Memory (MB): peak = 1831.398 ; gain = 333.078 ; free physical = 1203 ; free virtual = 34611
---------------------------------------------------------------------------------

Report RTL Partitions: 
+-+--------------+------------+----------+
| |RTL Partition |Replication |Instances |
+-+--------------+------------+----------+
+-+--------------+------------+----------+
---------------------------------------------------------------------------------
Start Technology Mapping
---------------------------------------------------------------------------------
---------------------------------------------------------------------------------
Finished Technology Mapping : Time (s): cpu = 00:00:13 ; elapsed = 00:00:15 . Memory (MB): peak = 1831.398 ; gain = 333.078 ; free physical = 1203 ; free virtual = 34611
---------------------------------------------------------------------------------

Report RTL Partitions: 
+-+--------------+------------+----------+
| |RTL Partition |Replication |Instances |
+-+--------------+------------+----------+
+-+--------------+------------+----------+
---------------------------------------------------------------------------------
Start IO Insertion
---------------------------------------------------------------------------------
---------------------------------------------------------------------------------
Start Flattening Before IO Insertion
---------------------------------------------------------------------------------
---------------------------------------------------------------------------------
Finished Flattening Before IO Insertion
---------------------------------------------------------------------------------
---------------------------------------------------------------------------------
Start Final Netlist Cleanup
---------------------------------------------------------------------------------
---------------------------------------------------------------------------------
Finished Final Netlist Cleanup
---------------------------------------------------------------------------------
---------------------------------------------------------------------------------
Finished IO Insertion : Time (s): cpu = 00:00:14 ; elapsed = 00:00:16 . Memory (MB): peak = 1835.367 ; gain = 337.047 ; free physical = 1203 ; free virtual = 34610
---------------------------------------------------------------------------------

Report Check Netlist: 
+------+------------------+-------+---------+-------+------------------+
|      |Item              |Errors |Warnings |Status |Description       |
+------+------------------+-------+---------+-------+------------------+
|1     |multi_driven_nets |      0|        0|Passed |Multi driven nets |
+------+------------------+-------+---------+-------+------------------+
---------------------------------------------------------------------------------
Start Renaming Generated Instances
---------------------------------------------------------------------------------
---------------------------------------------------------------------------------
Finished Renaming Generated Instances : Time (s): cpu = 00:00:14 ; elapsed = 00:00:16 . Memory (MB): peak = 1835.367 ; gain = 337.047 ; free physical = 1203 ; free virtual = 34610
---------------------------------------------------------------------------------

Report RTL Partitions: 
+-+--------------+------------+----------+
| |RTL Partition |Replication |Instances |
+-+--------------+------------+----------+
+-+--------------+------------+----------+
---------------------------------------------------------------------------------
Start Rebuilding User Hierarchy
---------------------------------------------------------------------------------
---------------------------------------------------------------------------------
Finished Rebuilding User Hierarchy : Time (s): cpu = 00:00:14 ; elapsed = 00:00:16 . Memory (MB): peak = 1835.367 ; gain = 337.047 ; free physical = 1203 ; free virtual = 34610
---------------------------------------------------------------------------------
---------------------------------------------------------------------------------
Start Renaming Generated Ports
---------------------------------------------------------------------------------
---------------------------------------------------------------------------------
Finished Renaming Generated Ports : Time (s): cpu = 00:00:14 ; elapsed = 00:00:16 . Memory (MB): peak = 1835.367 ; gain = 337.047 ; free physical = 1203 ; free virtual = 34610
---------------------------------------------------------------------------------
---------------------------------------------------------------------------------
Start Handling Custom Attributes
---------------------------------------------------------------------------------
---------------------------------------------------------------------------------
Finished Handling Custom Attributes : Time (s): cpu = 00:00:14 ; elapsed = 00:00:16 . Memory (MB): peak = 1835.367 ; gain = 337.047 ; free physical = 1203 ; free virtual = 34610
---------------------------------------------------------------------------------
---------------------------------------------------------------------------------
Start Renaming Generated Nets
---------------------------------------------------------------------------------
---------------------------------------------------------------------------------
Finished Renaming Generated Nets : Time (s): cpu = 00:00:14 ; elapsed = 00:00:16 . Memory (MB): peak = 1835.367 ; gain = 337.047 ; free physical = 1203 ; free virtual = 34610
---------------------------------------------------------------------------------
---------------------------------------------------------------------------------
Start Writing Synthesis Report
---------------------------------------------------------------------------------

Report BlackBoxes: 
+-+--------------+----------+
| |BlackBox name |Instances |
+-+--------------+----------+
+-+--------------+----------+

Report Cell Usage: 
+------+-------+------+
|      |Cell   |Count |
+------+-------+------+
|1     |BUFG   |     1|
|2     |CARRY4 |    14|
|3     |LUT1   |     3|
|4     |LUT2   |     5|
|5     |LUT3   |     2|
|6     |LUT4   |    33|
|7     |LUT5   |     9|
|8     |LUT6   |     5|
|9     |FDCE   |    28|
|10    |FDRE   |     7|
|11    |IBUF   |     2|
|12    |OBUF   |     8|
+------+-------+------+

Report Instance Areas: 
+------+---------+-------+------+
|      |Instance |Module |Cells |
+------+---------+-------+------+
|1     |top      |       |   117|
+------+---------+-------+------+
---------------------------------------------------------------------------------
Finished Writing Synthesis Report : Time (s): cpu = 00:00:14 ; elapsed = 00:00:16 . Memory (MB): peak = 1835.367 ; gain = 337.047 ; free physical = 1203 ; free virtual = 34610
---------------------------------------------------------------------------------
Synthesis finished with 0 errors, 0 critical warnings and 2 warnings.
Synthesis Optimization Runtime : Time (s): cpu = 00:00:13 ; elapsed = 00:00:15 . Memory (MB): peak = 1835.367 ; gain = 217.375 ; free physical = 1255 ; free virtual = 34662
Synthesis Optimization Complete : Time (s): cpu = 00:00:14 ; elapsed = 00:00:17 . Memory (MB): peak = 1835.375 ; gain = 337.047 ; free physical = 1269 ; free virtual = 34677
INFO: [Project 1-571] Translating synthesized netlist
INFO: [Netlist 29-17] Analyzing 14 Unisim elements for replacement
INFO: [Netlist 29-28] Unisim Transformation completed in 0 CPU seconds
INFO: [Project 1-570] Preparing netlist for logic optimization
INFO: [Opt 31-138] Pushed 0 inverter(s) to 0 load pin(s).
Netlist sorting complete. Time (s): cpu = 00:00:00 ; elapsed = 00:00:00 . Memory (MB): peak = 1847.273 ; gain = 0.000 ; free physical = 1205 ; free virtual = 34613
INFO: [Project 1-111] Unisim Transformation Summary:
No Unisim elements were transformed.

INFO: [Common 17-83] Releasing license: Synthesis
17 Infos, 114 Warnings, 100 Critical Warnings and 0 Errors encountered.
synth_design completed successfully
synth_design: Time (s): cpu = 00:00:18 ; elapsed = 00:00:20 . Memory (MB): peak = 1847.273 ; gain = 452.359 ; free physical = 1304 ; free virtual = 34712
Netlist sorting complete. Time (s): cpu = 00:00:00 ; elapsed = 00:00:00 . Memory (MB): peak = 1847.273 ; gain = 0.000 ; free physical = 1304 ; free virtual = 34712
WARNING: [Constraints 18-5210] No constraints selected for write.
Resolution: This message can indicate that there are no constraints for the design, or it can indicate that the used_in flags are set such that the constraints are ignored. This later case is used when running synth_design to not write synthesis constraints to the resulting checkpoint. Instead, project constraints are read when the synthesized design is opened.
INFO: [Common 17-1381] The checkpoint '/volsme/user1x/users/mi01a014/Bureau/TP3/ex_2/ex_2.runs/synth_1/feu.dcp' has been generated.
INFO: [runtcl-4] Executing : report_utilization -file feu_utilization_synth.rpt -pb feu_utilization_synth.pb
INFO: [Common 17-206] Exiting Vivado at Mon Oct 14 14:43:57 2019...
